<?xml version="1.0" encoding="UTF-8"?>
<coverage generated="1781284462165" clover="3.2.0">
  <project timestamp="1781284462165" name="All files">
    <metrics statements="751" coveredstatements="688" conditionals="502" coveredconditionals="405" methods="216" coveredmethods="204" elements="1469" coveredelements="1297" complexity="0" loc="751" ncloc="751" packages="5" files="13" classes="13"/>
    <package name="dashboard">
      <metrics statements="102" coveredstatements="101" conditionals="50" coveredconditionals="43" methods="33" coveredmethods="32"/>
      <file name="app.ts" path="C:\Users\Usuario\UNSA2026\PruebasS\actual_testing\packages\loot-core\src\server\dashboard\app.ts">
        <metrics statements="102" coveredstatements="101" conditionals="50" coveredconditionals="43" methods="33" coveredmethods="32"/>
        <line num="28" count="30" type="stmt"/>
        <line num="32" count="8" type="stmt"/>
        <line num="47" count="1" type="stmt"/>
        <line num="49" count="11" type="stmt"/>
        <line num="51" count="11" type="cond" truecount="2" falsecount="0"/>
        <line num="52" count="1" type="stmt"/>
        <line num="57" count="10" type="stmt"/>
        <line num="58" count="10" type="stmt"/>
        <line num="67" count="10" type="cond" truecount="2" falsecount="0"/>
        <line num="68" count="1" type="stmt"/>
        <line num="73" count="9" type="cond" truecount="2" falsecount="0"/>
        <line num="74" count="1" type="stmt"/>
        <line num="79" count="8" type="cond" truecount="2" falsecount="0"/>
        <line num="80" count="1" type="stmt"/>
        <line num="85" count="7" type="cond" truecount="2" falsecount="0"/>
        <line num="86" count="1" type="stmt"/>
        <line num="91" count="6" type="cond" truecount="2" falsecount="0"/>
        <line num="92" count="1" type="stmt"/>
        <line num="97" count="5" type="cond" truecount="2" falsecount="0"/>
        <line num="98" count="2" type="stmt"/>
        <line num="105" count="3" type="stmt"/>
        <line num="106" count="3" type="stmt"/>
        <line num="108" count="3" type="stmt"/>
        <line num="112" count="3" type="stmt"/>
        <line num="116" count="3" type="cond" truecount="3" falsecount="1"/>
        <line num="117" count="1" type="stmt"/>
        <line num="120" count="2" type="stmt"/>
        <line num="125" count="2" type="stmt"/>
        <line num="126" count="2" type="stmt"/>
        <line num="128" count="2" type="stmt"/>
        <line num="129" count="2" type="stmt"/>
        <line num="135" count="1" type="stmt"/>
        <line num="141" count="1" type="stmt"/>
        <line num="143" count="1" type="stmt"/>
        <line num="146" count="1" type="stmt"/>
        <line num="147" count="1" type="stmt"/>
        <line num="150" count="1" type="stmt"/>
        <line num="153" count="1" type="cond" truecount="1" falsecount="1"/>
        <line num="154" count="1" type="stmt"/>
        <line num="161" count="1" type="stmt"/>
        <line num="165" count="1" type="stmt"/>
        <line num="166" count="1" type="stmt"/>
        <line num="172" count="1" type="stmt"/>
        <line num="174" count="1" type="stmt"/>
        <line num="178" count="12" type="stmt"/>
        <line num="192" count="5" type="cond" truecount="4" falsecount="0"/>
        <line num="193" count="4" type="stmt"/>
        <line num="200" count="4" type="cond" truecount="2" falsecount="0"/>
        <line num="201" count="3" type="stmt"/>
        <line num="202" count="3" type="stmt"/>
        <line num="204" count="1" type="stmt"/>
        <line num="205" count="1" type="cond" truecount="1" falsecount="1"/>
        <line num="206" count="1" type="cond" truecount="1" falsecount="1"/>
        <line num="210" count="5" type="stmt"/>
        <line num="212" count="5" type="stmt"/>
        <line num="219" count="1" type="stmt"/>
        <line num="230" count="3" type="stmt"/>
        <line num="235" count="3" type="cond" truecount="2" falsecount="0"/>
        <line num="236" count="1" type="stmt"/>
        <line num="239" count="2" type="stmt"/>
        <line num="241" count="2" type="cond" truecount="2" falsecount="0"/>
        <line num="242" count="1" type="stmt"/>
        <line num="249" count="1" type="stmt"/>
        <line num="251" count="1" type="stmt"/>
        <line num="263" count="13" type="stmt"/>
        <line num="264" count="13" type="cond" truecount="2" falsecount="0"/>
        <line num="265" count="1" type="stmt"/>
        <line num="268" count="12" type="stmt"/>
        <line num="269" count="12" type="stmt"/>
        <line num="271" count="12" type="stmt"/>
        <line num="273" count="12" type="stmt"/>
        <line num="276" count="5" type="stmt"/>
        <line num="278" count="5" type="stmt"/>
        <line num="284" count="5" type="stmt"/>
        <line num="285" count="5" type="stmt"/>
        <line num="287" count="0" type="stmt"/>
        <line num="291" count="5" type="stmt"/>
        <line num="307" count="2" type="stmt"/>
        <line num="309" count="1" type="stmt"/>
        <line num="315" count="2" type="stmt"/>
        <line num="317" count="1" type="stmt"/>
        <line num="321" count="20" type="stmt"/>
        <line num="332" count="5" type="stmt"/>
        <line num="334" count="8" type="cond" truecount="1" falsecount="1"/>
        <line num="335" count="8" type="stmt"/>
        <line num="336" count="8" type="stmt"/>
        <line num="338" count="8" type="cond" truecount="2" falsecount="0"/>
        <line num="339" count="1" type="stmt"/>
        <line num="341" count="7" type="cond" truecount="2" falsecount="0"/>
        <line num="342" count="6" type="stmt"/>
        <line num="344" count="1" type="stmt"/>
        <line num="363" count="1" type="stmt"/>
        <line num="365" count="1" type="stmt"/>
        <line num="366" count="1" type="stmt"/>
        <line num="367" count="1" type="stmt"/>
        <line num="368" count="1" type="stmt"/>
        <line num="369" count="1" type="stmt"/>
        <line num="370" count="1" type="stmt"/>
        <line num="371" count="1" type="stmt"/>
        <line num="372" count="1" type="stmt"/>
        <line num="373" count="1" type="stmt"/>
        <line num="374" count="1" type="stmt"/>
      </file>
    </package>
    <package name="forecast">
      <metrics statements="322" coveredstatements="291" conditionals="301" coveredconditionals="244" methods="85" coveredmethods="82"/>
      <file name="app.ts" path="C:\Users\Usuario\UNSA2026\PruebasS\actual_testing\packages\loot-core\src\server\forecast\app.ts">
        <metrics statements="25" coveredstatements="25" conditionals="12" coveredconditionals="12" methods="8" coveredmethods="8"/>
        <line num="33" count="1" type="stmt"/>
        <line num="43" count="1" type="stmt"/>
        <line num="63" count="16" type="cond" truecount="2" falsecount="0"/>
        <line num="64" count="16" type="stmt"/>
        <line num="65" count="16" type="stmt"/>
        <line num="69" count="16" type="stmt"/>
        <line num="76" count="16" type="cond" truecount="2" falsecount="0"/>
        <line num="77" count="3" type="stmt"/>
        <line num="83" count="13" type="cond" truecount="2" falsecount="0"/>
        <line num="85" count="1" type="stmt"/>
        <line num="87" count="1" type="stmt"/>
        <line num="90" count="16" type="stmt"/>
        <line num="91" count="16" type="stmt"/>
        <line num="92" count="13" type="stmt"/>
        <line num="97" count="13" type="cond" truecount="2" falsecount="0"/>
        <line num="100" count="6" type="stmt"/>
        <line num="103" count="16" type="stmt"/>
        <line num="104" count="17" type="stmt"/>
        <line num="106" count="16" type="cond" truecount="2" falsecount="0"/>
        <line num="107" count="1" type="stmt"/>
        <line num="113" count="13" type="stmt"/>
        <line num="119" count="13" type="stmt"/>
        <line num="127" count="13" type="stmt"/>
        <line num="146" count="2" type="stmt"/>
        <line num="148" count="2" type="stmt"/>
      </file>
      <file name="forecast-accounts.ts" path="C:\Users\Usuario\UNSA2026\PruebasS\actual_testing\packages\loot-core\src\server\forecast\forecast-accounts.ts">
        <metrics statements="51" coveredstatements="40" conditionals="36" coveredconditionals="24" methods="16" coveredmethods="15"/>
        <line num="22" count="2" type="stmt"/>
        <line num="29" count="13" type="cond" truecount="5" falsecount="5"/>
        <line num="31" count="6" type="stmt"/>
        <line num="33" count="2" type="stmt"/>
        <line num="35" count="0" type="stmt"/>
        <line num="37" count="0" type="stmt"/>
        <line num="39" count="2" type="stmt"/>
        <line num="43" count="0" type="stmt"/>
        <line num="47" count="0" type="stmt"/>
        <line num="48" count="0" type="stmt"/>
        <line num="52" count="0" type="stmt"/>
        <line num="56" count="1" type="stmt"/>
        <line num="58" count="2" type="stmt"/>
        <line num="60" count="0" type="stmt"/>
        <line num="68" count="3" type="stmt"/>
        <line num="69" count="3" type="stmt"/>
        <line num="72" count="3" type="cond" truecount="2" falsecount="0"/>
        <line num="73" count="1" type="stmt"/>
        <line num="76" count="2" type="stmt"/>
        <line num="78" count="2" type="stmt"/>
        <line num="79" count="4" type="stmt"/>
        <line num="80" count="6" type="stmt"/>
        <line num="83" count="4" type="cond" truecount="2" falsecount="0"/>
        <line num="88" count="4" type="stmt"/>
        <line num="95" count="24" type="cond" truecount="2" falsecount="0"/>
        <line num="96" count="14" type="stmt"/>
        <line num="99" count="10" type="stmt"/>
        <line num="100" count="13" type="stmt"/>
        <line num="103" count="10" type="cond" truecount="2" falsecount="0"/>
        <line num="104" count="3" type="stmt"/>
        <line num="107" count="7" type="stmt"/>
        <line num="108" count="10" type="stmt"/>
        <line num="111" count="7" type="cond" truecount="2" falsecount="0"/>
        <line num="117" count="19" type="stmt"/>
        <line num="119" count="19" type="cond" truecount="2" falsecount="0"/>
        <line num="121" count="16" type="stmt"/>
        <line num="123" count="19" type="cond" truecount="2" falsecount="0"/>
        <line num="124" count="4" type="stmt"/>
        <line num="127" count="19" type="stmt"/>
        <line num="128" count="15" type="stmt"/>
        <line num="139" count="15" type="stmt"/>
        <line num="140" count="15" type="stmt"/>
        <line num="144" count="9" type="cond" truecount="1" falsecount="1"/>
        <line num="147" count="19" type="stmt"/>
        <line num="167" count="16" type="stmt"/>
        <line num="169" count="16" type="cond" truecount="2" falsecount="2"/>
        <line num="170" count="0" type="stmt"/>
        <line num="174" count="0" type="cond" truecount="0" falsecount="2"/>
        <line num="175" count="0" type="stmt"/>
        <line num="177" count="0" type="stmt"/>
        <line num="182" count="16" type="stmt"/>
      </file>
      <file name="forecast-filters.ts" path="C:\Users\Usuario\UNSA2026\PruebasS\actual_testing\packages\loot-core\src\server\forecast\forecast-filters.ts">
        <metrics statements="98" coveredstatements="87" conditionals="145" coveredconditionals="114" methods="31" coveredmethods="30"/>
        <line num="51" count="21" type="cond" truecount="2" falsecount="0"/>
        <line num="52" count="21" type="cond" truecount="2" falsecount="0"/>
        <line num="53" count="21" type="stmt"/>
        <line num="55" count="21" type="stmt"/>
        <line num="60" count="10" type="cond" truecount="1" falsecount="1"/>
        <line num="80" count="13" type="stmt"/>
        <line num="85" count="13" type="cond" truecount="1" falsecount="1"/>
        <line num="86" count="13" type="cond" truecount="1" falsecount="1"/>
        <line num="87" count="0" type="stmt"/>
        <line num="90" count="13" type="stmt"/>
        <line num="93" count="13" type="cond" truecount="2" falsecount="0"/>
        <line num="94" count="4" type="stmt"/>
        <line num="97" count="13" type="stmt"/>
        <line num="98" count="13" type="stmt"/>
        <line num="102" count="4" type="stmt"/>
        <line num="109" count="45" type="stmt"/>
        <line num="110" count="52" type="cond" truecount="4" falsecount="0"/>
        <line num="111" count="3" type="stmt"/>
        <line num="114" count="49" type="stmt"/>
        <line num="119" count="66" type="cond" truecount="2" falsecount="0"/>
        <line num="124" count="4" type="stmt"/>
        <line num="127" count="62" type="stmt"/>
        <line num="132" count="30" type="stmt"/>
        <line num="133" count="30" type="cond" truecount="2" falsecount="0"/>
        <line num="134" count="12" type="stmt"/>
        <line num="137" count="18" type="cond" truecount="5" falsecount="0"/>
        <line num="138" count="4" type="cond" truecount="4" falsecount="0"/>
        <line num="141" count="14" type="stmt"/>
        <line num="145" count="34" type="cond" truecount="2" falsecount="2"/>
        <line num="146" count="0" type="stmt"/>
        <line num="149" count="34" type="cond" truecount="2" falsecount="2"/>
        <line num="150" count="0" type="stmt"/>
        <line num="153" count="34" type="stmt"/>
        <line num="157" count="4" type="stmt"/>
        <line num="158" count="4" type="stmt"/>
        <line num="162" count="34" type="cond" truecount="1" falsecount="1"/>
        <line num="163" count="0" type="stmt"/>
        <line num="166" count="34" type="cond" truecount="3" falsecount="1"/>
        <line num="167" count="0" type="stmt"/>
        <line num="170" count="34" type="stmt"/>
        <line num="171" count="34" type="stmt"/>
        <line num="172" count="34" type="stmt"/>
        <line num="174" count="34" type="stmt"/>
        <line num="175" count="37" type="stmt"/>
        <line num="177" count="36" type="stmt"/>
        <line num="181" count="36" type="cond" truecount="9" falsecount="2"/>
        <line num="183" count="9" type="stmt"/>
        <line num="188" count="2" type="stmt"/>
        <line num="193" count="3" type="stmt"/>
        <line num="202" count="9" type="stmt"/>
        <line num="211" count="2" type="stmt"/>
        <line num="220" count="4" type="stmt"/>
        <line num="229" count="3" type="stmt"/>
        <line num="232" count="6" type="stmt"/>
        <line num="236" count="2" type="stmt"/>
        <line num="242" count="2" type="stmt"/>
        <line num="248" count="0" type="cond" truecount="0" falsecount="2"/>
        <line num="252" count="0" type="stmt"/>
        <line num="255" count="0" type="stmt"/>
        <line num="256" count="0" type="stmt"/>
        <line num="258" count="0" type="stmt"/>
        <line num="261" count="0" type="stmt"/>
        <line num="270" count="51" type="cond" truecount="2" falsecount="0"/>
        <line num="271" count="3" type="stmt"/>
        <line num="272" count="3" type="cond" truecount="1" falsecount="1"/>
        <line num="274" count="5" type="stmt"/>
        <line num="279" count="48" type="cond" truecount="2" falsecount="0"/>
        <line num="280" count="3" type="stmt"/>
        <line num="281" count="3" type="cond" truecount="1" falsecount="1"/>
        <line num="283" count="5" type="stmt"/>
        <line num="288" count="45" type="stmt"/>
        <line num="289" count="45" type="stmt"/>
        <line num="291" count="45" type="cond" truecount="2" falsecount="0"/>
        <line num="292" count="5" type="stmt"/>
        <line num="295" count="42" type="cond" truecount="4" falsecount="0"/>
        <line num="296" count="29" type="stmt"/>
        <line num="299" count="13" type="stmt"/>
        <line num="307" count="15" type="cond" truecount="2" falsecount="0"/>
        <line num="308" count="11" type="stmt"/>
        <line num="311" count="4" type="cond" truecount="1" falsecount="1"/>
        <line num="312" count="15" type="stmt"/>
        <line num="313" count="4" type="stmt"/>
        <line num="321" count="13" type="stmt"/>
        <line num="322" count="19" type="cond" truecount="2" falsecount="0"/>
        <line num="324" count="13" type="stmt"/>
        <line num="325" count="19" type="cond" truecount="2" falsecount="0"/>
        <line num="328" count="13" type="stmt"/>
        <line num="345" count="13" type="stmt"/>
        <line num="348" count="1" type="cond" truecount="1" falsecount="1"/>
        <line num="354" count="13" type="cond" truecount="2" falsecount="0"/>
        <line num="362" count="13" type="stmt"/>
        <line num="363" count="4" type="stmt"/>
        <line num="365" count="13" type="stmt"/>
        <line num="366" count="1" type="stmt"/>
        <line num="371" count="13" type="stmt"/>
        <line num="374" count="1" type="stmt"/>
        <line num="386" count="13" type="stmt"/>
        <line num="387" count="19" type="stmt"/>
      </file>
      <file name="forecast-projection.ts" path="C:\Users\Usuario\UNSA2026\PruebasS\actual_testing\packages\loot-core\src\server\forecast\forecast-projection.ts">
        <metrics statements="61" coveredstatements="58" conditionals="42" coveredconditionals="39" methods="19" coveredmethods="18"/>
        <line num="46" count="17" type="stmt"/>
        <line num="47" count="17" type="cond" truecount="2" falsecount="0"/>
        <line num="55" count="18" type="stmt"/>
        <line num="56" count="18" type="cond" truecount="2" falsecount="0"/>
        <line num="57" count="18" type="cond" truecount="2" falsecount="0"/>
        <line num="58" count="18" type="stmt"/>
        <line num="60" count="18" type="stmt"/>
        <line num="79" count="4" type="stmt"/>
        <line num="98" count="14" type="cond" truecount="2" falsecount="0"/>
        <line num="99" count="8" type="stmt"/>
        <line num="102" count="14" type="cond" truecount="1" falsecount="1"/>
        <line num="103" count="14" type="stmt"/>
        <line num="106" count="14" type="stmt"/>
        <line num="116" count="14" type="stmt"/>
        <line num="118" count="14" type="stmt"/>
        <line num="119" count="20" type="cond" truecount="2" falsecount="0"/>
        <line num="125" count="6" type="stmt"/>
        <line num="128" count="14" type="stmt"/>
        <line num="141" count="14" type="stmt"/>
        <line num="145" count="14" type="stmt"/>
        <line num="147" count="16" type="stmt"/>
        <line num="148" count="16" type="cond" truecount="2" falsecount="0"/>
        <line num="149" count="8" type="stmt"/>
        <line num="151" count="8" type="stmt"/>
        <line num="153" count="16" type="stmt"/>
        <line num="164" count="17" type="stmt"/>
        <line num="169" count="17" type="stmt"/>
        <line num="170" count="16" type="cond" truecount="2" falsecount="0"/>
        <line num="171" count="1" type="stmt"/>
        <line num="172" count="1" type="stmt"/>
        <line num="175" count="15" type="cond" truecount="1" falsecount="1"/>
        <line num="176" count="0" type="stmt"/>
        <line num="179" count="15" type="cond" truecount="2" falsecount="0"/>
        <line num="182" count="17" type="stmt"/>
        <line num="191" count="17" type="stmt"/>
        <line num="193" count="17" type="stmt"/>
        <line num="194" count="1131" type="cond" truecount="2" falsecount="0"/>
        <line num="195" count="1131" type="cond" truecount="2" falsecount="0"/>
        <line num="196" count="1131" type="stmt"/>
        <line num="197" count="1131" type="stmt"/>
        <line num="199" count="1131" type="stmt"/>
        <line num="204" count="14" type="stmt"/>
        <line num="219" count="14" type="stmt"/>
        <line num="220" count="14" type="stmt"/>
        <line num="221" count="1131" type="stmt"/>
        <line num="225" count="14" type="stmt"/>
        <line num="232" count="14" type="stmt"/>
        <line num="233" count="1008" type="cond" truecount="2" falsecount="0"/>
        <line num="234" count="27" type="stmt"/>
        <line num="243" count="14" type="cond" truecount="1" falsecount="1"/>
        <line num="244" count="0" type="stmt"/>
        <line num="247" count="0" type="stmt"/>
        <line num="255" count="14" type="stmt"/>
        <line num="268" count="17" type="stmt"/>
        <line num="269" count="14" type="stmt"/>
        <line num="270" count="14" type="stmt"/>
        <line num="277" count="14" type="stmt"/>
        <line num="278" count="14" type="stmt"/>
        <line num="279" count="17" type="stmt"/>
        <line num="291" count="1532" type="stmt"/>
        <line num="293" count="14" type="stmt"/>
      </file>
      <file name="forecast-schedules.ts" path="C:\Users\Usuario\UNSA2026\PruebasS\actual_testing\packages\loot-core\src\server\forecast\forecast-schedules.ts">
        <metrics statements="87" coveredstatements="81" conditionals="66" coveredconditionals="55" methods="11" coveredmethods="11"/>
        <line num="24" count="2" type="stmt"/>
        <line num="68" count="13" type="stmt"/>
        <line num="73" count="13" type="stmt"/>
        <line num="74" count="13" type="stmt"/>
        <line num="80" count="7" type="cond" truecount="1" falsecount="1"/>
        <line num="82" count="7" type="cond" truecount="3" falsecount="0"/>
        <line num="85" count="7" type="cond" truecount="2" falsecount="0"/>
        <line num="86" count="7" type="cond" truecount="2" falsecount="0"/>
        <line num="88" count="7" type="cond" truecount="3" falsecount="1"/>
        <line num="89" count="0" type="stmt"/>
        <line num="92" count="7" type="stmt"/>
        <line num="105" count="13" type="stmt"/>
        <line num="107" count="13" type="stmt"/>
        <line num="108" count="7" type="stmt"/>
        <line num="109" count="7" type="cond" truecount="1" falsecount="1"/>
        <line num="114" count="13" type="cond" truecount="1" falsecount="1"/>
        <line num="115" count="0" type="stmt"/>
        <line num="118" count="13" type="stmt"/>
        <line num="124" count="13" type="stmt"/>
        <line num="128" count="4" type="stmt"/>
        <line num="130" count="4" type="stmt"/>
        <line num="138" count="6" type="cond" truecount="1" falsecount="1"/>
        <line num="139" count="0" type="stmt"/>
        <line num="140" count="0" type="cond" truecount="0" falsecount="2"/>
        <line num="143" count="6" type="stmt"/>
        <line num="144" count="6" type="stmt"/>
        <line num="145" count="6" type="stmt"/>
        <line num="146" count="6" type="stmt"/>
        <line num="147" count="6" type="stmt"/>
        <line num="148" count="6" type="stmt"/>
        <line num="150" count="6" type="cond" truecount="2" falsecount="0"/>
        <line num="151" count="19" type="stmt"/>
        <line num="152" count="19" type="stmt"/>
        <line num="154" count="19" type="cond" truecount="1" falsecount="1"/>
        <line num="156" count="19" type="cond" truecount="5" falsecount="0"/>
        <line num="157" count="6" type="stmt"/>
        <line num="160" count="13" type="cond" truecount="2" falsecount="0"/>
        <line num="161" count="6" type="cond" truecount="1" falsecount="1"/>
        <line num="162" count="6" type="stmt"/>
        <line num="163" count="6" type="stmt"/>
        <line num="165" count="0" type="stmt"/>
        <line num="168" count="7" type="stmt"/>
        <line num="169" count="7" type="stmt"/>
        <line num="170" count="7" type="stmt"/>
        <line num="173" count="6" type="stmt"/>
        <line num="182" count="13" type="stmt"/>
        <line num="185" count="13" type="stmt"/>
        <line num="186" count="13" type="stmt"/>
        <line num="193" count="13" type="stmt"/>
        <line num="195" count="13" type="stmt"/>
        <line num="196" count="6" type="cond" truecount="2" falsecount="0"/>
        <line num="198" count="6" type="stmt"/>
        <line num="199" count="13" type="stmt"/>
        <line num="208" count="13" type="stmt"/>
        <line num="212" count="13" type="stmt"/>
        <line num="213" count="13" type="stmt"/>
        <line num="221" count="13" type="cond" truecount="2" falsecount="0"/>
        <line num="222" count="1" type="stmt"/>
        <line num="225" count="12" type="stmt"/>
        <line num="226" count="12" type="cond" truecount="2" falsecount="0"/>
        <line num="227" count="6" type="cond" truecount="2" falsecount="0"/>
        <line num="228" count="3" type="cond" truecount="1" falsecount="1"/>
        <line num="230" count="3" type="stmt"/>
        <line num="231" count="3" type="stmt"/>
        <line num="234" count="12" type="stmt"/>
        <line num="236" count="13" type="cond" truecount="2" falsecount="0"/>
        <line num="240" count="6" type="stmt"/>
        <line num="243" count="6" type="stmt"/>
        <line num="246" count="6" type="stmt"/>
        <line num="261" count="6" type="stmt"/>
        <line num="262" count="6" type="stmt"/>
        <line num="264" count="6" type="cond" truecount="3" falsecount="0"/>
        <line num="268" count="13" type="cond" truecount="2" falsecount="0"/>
        <line num="269" count="2" type="stmt"/>
        <line num="270" count="2" type="stmt"/>
        <line num="273" count="6" type="stmt"/>
        <line num="274" count="6" type="stmt"/>
        <line num="275" count="6" type="stmt"/>
        <line num="285" count="13" type="stmt"/>
        <line num="289" count="13" type="stmt"/>
        <line num="290" count="19" type="stmt"/>
        <line num="293" count="13" type="stmt"/>
        <line num="294" count="19" type="stmt"/>
        <line num="297" count="19" type="stmt"/>
        <line num="299" count="19" type="cond" truecount="3" falsecount="1"/>
        <line num="300" count="0" type="stmt"/>
        <line num="303" count="19" type="stmt"/>
      </file>
    </package>
    <package name="notes">
      <metrics statements="6" coveredstatements="6" conditionals="0" coveredconditionals="0" methods="2" coveredmethods="2"/>
      <file name="app.ts" path="C:\Users\Usuario\UNSA2026\PruebasS\actual_testing\packages\loot-core\src\server\notes\app.ts">
        <metrics statements="6" coveredstatements="6" conditionals="0" coveredconditionals="0" methods="2" coveredmethods="2"/>
        <line num="13" count="1" type="stmt"/>
        <line num="14" count="1" type="stmt"/>
        <line num="15" count="1" type="stmt"/>
        <line num="16" count="1" type="stmt"/>
        <line num="19" count="4" type="stmt"/>
        <line num="25" count="2" type="stmt"/>
      </file>
    </package>
    <package name="reports">
      <metrics statements="41" coveredstatements="41" conditionals="49" coveredconditionals="39" methods="11" coveredmethods="11"/>
      <file name="app.ts" path="C:\Users\Usuario\UNSA2026\PruebasS\actual_testing\packages\loot-core\src\server\reports\app.ts">
        <metrics statements="41" coveredstatements="41" conditionals="49" coveredconditionals="39" methods="11" coveredmethods="11"/>
        <line num="13" count="2" type="stmt"/>
        <line num="18" count="5" type="stmt"/>
        <line num="20" count="5" type="cond" truecount="2" falsecount="2"/>
        <line num="21" count="5" type="cond" truecount="2" falsecount="0"/>
        <line num="22" count="1" type="stmt"/>
        <line num="28" count="4" type="stmt"/>
        <line num="32" count="13" type="stmt"/>
        <line num="58" count="21" type="stmt"/>
        <line num="85" count="8" type="stmt"/>
        <line num="86" count="4" type="cond" truecount="3" falsecount="1"/>
        <line num="96" count="8" type="stmt"/>
        <line num="99" count="8" type="stmt"/>
        <line num="107" count="19" type="stmt"/>
        <line num="113" count="19" type="cond" truecount="2" falsecount="0"/>
        <line num="114" count="15" type="stmt"/>
        <line num="118" count="4" type="cond" truecount="2" falsecount="0"/>
        <line num="125" count="2" type="stmt"/>
        <line num="129" count="2" type="stmt"/>
        <line num="133" count="18" type="stmt"/>
        <line num="134" count="18" type="stmt"/>
        <line num="138" count="18" type="cond" truecount="2" falsecount="0"/>
        <line num="139" count="2" type="stmt"/>
        <line num="142" count="16" type="cond" truecount="1" falsecount="1"/>
        <line num="143" count="16" type="cond" truecount="2" falsecount="0"/>
        <line num="144" count="2" type="stmt"/>
        <line num="148" count="14" type="stmt"/>
        <line num="150" count="14" type="stmt"/>
        <line num="154" count="5" type="cond" truecount="2" falsecount="0"/>
        <line num="155" count="1" type="stmt"/>
        <line num="158" count="4" type="cond" truecount="2" falsecount="0"/>
        <line num="159" count="1" type="stmt"/>
        <line num="162" count="3" type="stmt"/>
        <line num="163" count="3" type="cond" truecount="2" falsecount="0"/>
        <line num="164" count="1" type="stmt"/>
        <line num="167" count="2" type="stmt"/>
        <line num="171" count="1" type="stmt"/>
        <line num="182" count="2" type="stmt"/>
        <line num="184" count="2" type="stmt"/>
        <line num="185" count="2" type="stmt"/>
        <line num="186" count="2" type="stmt"/>
        <line num="187" count="2" type="stmt"/>
      </file>
    </package>
    <package name="spreadsheet">
      <metrics statements="280" coveredstatements="249" conditionals="102" coveredconditionals="79" methods="85" coveredmethods="77"/>
      <file name="app.ts" path="C:\Users\Usuario\UNSA2026\PruebasS\actual_testing\packages\loot-core\src\server\spreadsheet\app.ts">
        <metrics statements="14" coveredstatements="0" conditionals="2" coveredconditionals="0" methods="3" coveredmethods="0"/>
        <line num="14" count="0" type="stmt"/>
        <line num="15" count="0" type="stmt"/>
        <line num="16" count="0" type="stmt"/>
        <line num="17" count="0" type="stmt"/>
        <line num="26" count="0" type="stmt"/>
        <line num="27" count="0" type="stmt"/>
        <line num="31" count="0" type="stmt"/>
        <line num="32" count="0" type="stmt"/>
        <line num="33" count="0" type="stmt"/>
        <line num="34" count="0" type="cond" truecount="0" falsecount="2"/>
        <line num="35" count="0" type="stmt"/>
        <line num="38" count="0" type="stmt"/>
        <line num="52" count="0" type="stmt"/>
        <line num="53" count="0" type="stmt"/>
      </file>
      <file name="globals.ts" path="C:\Users\Usuario\UNSA2026\PruebasS\actual_testing\packages\loot-core\src\server\spreadsheet\globals.ts">
        <metrics statements="8" coveredstatements="8" conditionals="6" coveredconditionals="6" methods="1" coveredmethods="1"/>
        <line num="2" count="10" type="cond" truecount="2" falsecount="0"/>
        <line num="3" count="2" type="stmt"/>
        <line num="4" count="8" type="cond" truecount="2" falsecount="0"/>
        <line num="5" count="4" type="stmt"/>
        <line num="6" count="4" type="cond" truecount="2" falsecount="0"/>
        <line num="7" count="2" type="stmt"/>
        <line num="9" count="2" type="stmt"/>
        <line num="12" count="4" type="stmt"/>
      </file>
      <file name="graph-data-structure.ts" path="C:\Users\Usuario\UNSA2026\PruebasS\actual_testing\packages\loot-core\src\server\spreadsheet\graph-data-structure.ts">
        <metrics statements="64" coveredstatements="59" conditionals="22" coveredconditionals="17" methods="14" coveredmethods="12"/>
        <line num="3" count="39" type="stmt"/>
        <line num="16" count="39" type="stmt"/>
        <line num="17" count="39" type="stmt"/>
        <line num="20" count="6" type="stmt"/>
        <line num="24" count="58" type="stmt"/>
        <line num="25" count="58" type="stmt"/>
        <line num="26" count="58" type="stmt"/>
        <line num="30" count="13" type="stmt"/>
        <line num="31" count="13" type="stmt"/>
        <line num="33" count="13" type="stmt"/>
        <line num="34" count="13" type="stmt"/>
        <line num="35" count="13" type="stmt"/>
        <line num="36" count="2" type="stmt"/>
        <line num="37" count="2" type="stmt"/>
        <line num="42" count="1" type="stmt"/>
        <line num="43" count="1" type="stmt"/>
        <line num="44" count="1" type="stmt"/>
        <line num="45" count="1" type="stmt"/>
        <line num="49" count="295" type="cond" truecount="2" falsecount="0"/>
        <line num="53" count="105" type="cond" truecount="2" falsecount="0"/>
        <line num="59" count="29" type="stmt"/>
        <line num="60" count="29" type="stmt"/>
        <line num="61" count="29" type="stmt"/>
        <line num="62" count="29" type="stmt"/>
        <line num="63" count="29" type="stmt"/>
        <line num="70" count="5" type="cond" truecount="1" falsecount="1"/>
        <line num="71" count="5" type="stmt"/>
        <line num="73" count="5" type="cond" truecount="1" falsecount="1"/>
        <line num="74" count="5" type="stmt"/>
        <line num="76" count="5" type="stmt"/>
        <line num="80" count="90" type="stmt"/>
        <line num="81" count="90" type="stmt"/>
        <line num="83" count="90" type="stmt"/>
        <line num="84" count="186" type="cond" truecount="2" falsecount="0"/>
        <line num="85" count="182" type="stmt"/>
        <line num="89" count="90" type="stmt"/>
        <line num="93" count="182" type="stmt"/>
        <line num="95" count="182" type="stmt"/>
        <line num="102" count="182" type="stmt"/>
        <line num="103" count="203" type="stmt"/>
        <line num="105" count="203" type="stmt"/>
        <line num="106" count="203" type="cond" truecount="2" falsecount="0"/>
        <line num="107" count="193" type="stmt"/>
        <line num="110" count="203" type="cond" truecount="2" falsecount="0"/>
        <line num="111" count="10" type="stmt"/>
        <line num="112" count="10" type="stmt"/>
        <line num="113" count="10" type="stmt"/>
        <line num="114" count="12" type="cond" truecount="2" falsecount="0"/>
        <line num="115" count="11" type="stmt"/>
        <line num="122" count="1" type="stmt"/>
        <line num="124" count="12" type="stmt"/>
        <line num="127" count="193" type="cond" truecount="1" falsecount="1"/>
        <line num="128" count="193" type="stmt"/>
        <line num="129" count="193" type="stmt"/>
        <line num="132" count="193" type="stmt"/>
        <line num="133" count="193" type="stmt"/>
        <line num="134" count="16" type="cond" truecount="2" falsecount="0"/>
        <line num="135" count="11" type="stmt"/>
        <line num="143" count="0" type="stmt"/>
        <line num="144" count="0" type="stmt"/>
        <line num="145" count="0" type="cond" truecount="0" falsecount="2"/>
        <line num="146" count="0" type="stmt"/>
        <line num="150" count="0" type="stmt"/>
        <line num="157" count="39" type="stmt"/>
      </file>
      <file name="spreadsheet.ts" path="C:\Users\Usuario\UNSA2026\PruebasS\actual_testing\packages\loot-core\src\server\spreadsheet\spreadsheet.ts">
        <metrics statements="189" coveredstatements="177" conditionals="70" coveredconditionals="54" methods="65" coveredmethods="62"/>
        <line num="47" count="34" type="stmt"/>
        <line num="48" count="34" type="stmt"/>
        <line num="49" count="34" type="stmt"/>
        <line num="50" count="34" type="stmt"/>
        <line num="51" count="34" type="stmt"/>
        <line num="52" count="34" type="stmt"/>
        <line num="53" count="34" type="stmt"/>
        <line num="54" count="34" type="stmt"/>
        <line num="55" count="34" type="stmt"/>
        <line num="62" count="2" type="stmt"/>
        <line num="66" count="1" type="stmt"/>
        <line num="72" count="426" type="stmt"/>
        <line num="74" count="426" type="cond" truecount="2" falsecount="0"/>
        <line num="75" count="168" type="stmt"/>
        <line num="82" count="426" type="stmt"/>
        <line num="86" count="254" type="stmt"/>
        <line num="90" count="9" type="stmt"/>
        <line num="94" count="0" type="stmt"/>
        <line num="98" count="1" type="stmt"/>
        <line num="102" count="1" type="stmt"/>
        <line num="109" count="179" type="stmt"/>
        <line num="110" count="179" type="stmt"/>
        <line num="111" count="179" type="stmt"/>
        <line num="113" count="0" type="stmt"/>
        <line num="115" count="179" type="stmt"/>
        <line num="119" count="214" type="stmt"/>
        <line num="123" count="214" type="stmt"/>
        <line num="125" count="214" type="cond" truecount="2" falsecount="0"/>
        <line num="126" count="88" type="stmt"/>
        <line num="127" count="88" type="stmt"/>
        <line num="129" count="88" type="stmt"/>
        <line num="132" count="214" type="stmt"/>
        <line num="142" count="88" type="stmt"/>
        <line num="147" count="88" type="stmt"/>
        <line num="148" count="88" type="cond" truecount="1" falsecount="1"/>
        <line num="149" count="88" type="stmt"/>
        <line num="155" count="91" type="stmt"/>
        <line num="157" count="91" type="stmt"/>
        <line num="158" count="184" type="stmt"/>
        <line num="162" count="184" type="stmt"/>
        <line num="163" count="184" type="stmt"/>
        <line num="165" count="184" type="cond" truecount="2" falsecount="0"/>
        <line num="166" count="23" type="stmt"/>
        <line num="167" count="29" type="stmt"/>
        <line num="170" count="23" type="stmt"/>
        <line num="172" count="23" type="cond" truecount="2" falsecount="0"/>
        <line num="173" count="2" type="stmt"/>
        <line num="177" count="161" type="cond" truecount="2" falsecount="0"/>
        <line num="178" count="3" type="stmt"/>
        <line num="184" count="158" type="stmt"/>
        <line num="185" count="158" type="stmt"/>
        <line num="188" count="0" type="stmt"/>
        <line num="190" count="0" type="stmt"/>
        <line num="191" count="0" type="stmt"/>
        <line num="192" count="0" type="stmt"/>
        <line num="195" count="26" type="cond" truecount="2" falsecount="0"/>
        <line num="198" count="5" type="stmt"/>
        <line num="200" count="3" type="stmt"/>
        <line num="201" count="3" type="stmt"/>
        <line num="205" count="0" type="stmt"/>
        <line num="206" count="0" type="stmt"/>
        <line num="210" count="5" type="stmt"/>
        <line num="212" count="21" type="stmt"/>
        <line num="215" count="21" type="stmt"/>
        <line num="220" count="86" type="cond" truecount="1" falsecount="1"/>
        <line num="221" count="86" type="stmt"/>
        <line num="224" count="86" type="cond" truecount="1" falsecount="1"/>
        <line num="225" count="0" type="stmt"/>
        <line num="227" count="86" type="stmt"/>
        <line num="229" count="86" type="stmt"/>
        <line num="230" count="86" type="stmt"/>
        <line num="235" count="88" type="cond" truecount="1" falsecount="1"/>
        <line num="236" count="88" type="cond" truecount="1" falsecount="1"/>
        <line num="237" count="0" type="stmt"/>
        <line num="243" count="2" type="cond" truecount="1" falsecount="1"/>
        <line num="244" count="0" type="stmt"/>
        <line num="249" count="1" type="stmt"/>
        <line num="250" count="1" type="stmt"/>
        <line num="254" count="1" type="stmt"/>
        <line num="256" count="1" type="cond" truecount="2" falsecount="0"/>
        <line num="257" count="1" type="cond" truecount="1" falsecount="1"/>
        <line num="258" count="1" type="stmt"/>
        <line num="263" count="25" type="stmt"/>
        <line num="264" count="25" type="stmt"/>
        <line num="268" count="60" type="cond" truecount="1" falsecount="1"/>
        <line num="269" count="0" type="stmt"/>
        <line num="274" count="60" type="cond" truecount="4" falsecount="0"/>
        <line num="275" count="35" type="stmt"/>
        <line num="276" count="35" type="stmt"/>
        <line num="281" count="25" type="stmt"/>
        <line num="282" count="23" type="stmt"/>
        <line num="283" count="23" type="stmt"/>
        <line num="285" count="25" type="stmt"/>
        <line num="289" count="30" type="stmt"/>
        <line num="293" count="7" type="stmt"/>
        <line num="297" count="1" type="stmt"/>
        <line num="301" count="19" type="stmt"/>
        <line num="305" count="2" type="stmt"/>
        <line num="309" count="3" type="stmt"/>
        <line num="310" count="3" type="cond" truecount="2" falsecount="0"/>
        <line num="311" count="2" type="stmt"/>
        <line num="313" count="1" type="stmt"/>
        <line num="317" count="1" type="stmt"/>
        <line num="318" count="1" type="stmt"/>
        <line num="323" count="1" type="stmt"/>
        <line num="324" count="1" type="stmt"/>
        <line num="325" count="1" type="stmt"/>
        <line num="329" count="155" type="stmt"/>
        <line num="330" count="155" type="stmt"/>
        <line num="331" count="155" type="stmt"/>
        <line num="332" count="155" type="stmt"/>
        <line num="333" count="155" type="stmt"/>
        <line num="338" count="154" type="stmt"/>
        <line num="342" count="8" type="stmt"/>
        <line num="343" count="8" type="stmt"/>
        <line num="349" count="1" type="stmt"/>
        <line num="350" count="1" type="stmt"/>
        <line num="355" count="2" type="stmt"/>
        <line num="356" count="2" type="stmt"/>
        <line num="358" count="2" type="cond" truecount="1" falsecount="1"/>
        <line num="359" count="2" type="stmt"/>
        <line num="360" count="2" type="stmt"/>
        <line num="365" count="2" type="stmt"/>
        <line num="367" count="2" type="stmt"/>
        <line num="368" count="2" type="stmt"/>
        <line num="378" count="1" type="stmt"/>
        <line num="379" count="1" type="stmt"/>
        <line num="380" count="1" type="cond" truecount="1" falsecount="1"/>
        <line num="381" count="1" type="stmt"/>
        <line num="400" count="13" type="stmt"/>
        <line num="401" count="13" type="stmt"/>
        <line num="403" count="13" type="cond" truecount="2" falsecount="0"/>
        <line num="405" count="1" type="stmt"/>
        <line num="408" count="12" type="stmt"/>
        <line num="409" count="12" type="stmt"/>
        <line num="411" count="12" type="stmt"/>
        <line num="413" count="13" type="cond" truecount="2" falsecount="0"/>
        <line num="414" count="12" type="stmt"/>
        <line num="416" count="1" type="stmt"/>
        <line num="419" count="13" type="stmt"/>
        <line num="422" count="12" type="stmt"/>
        <line num="425" count="12" type="stmt"/>
        <line num="426" count="12" type="stmt"/>
        <line num="427" count="13" type="stmt"/>
        <line num="430" count="12" type="cond" truecount="2" falsecount="2"/>
        <line num="431" count="12" type="stmt"/>
        <line num="432" count="12" type="stmt"/>
        <line num="433" count="12" type="stmt"/>
        <line num="439" count="1" type="stmt"/>
        <line num="440" count="6" type="cond" truecount="2" falsecount="0"/>
        <line num="441" count="1" type="stmt"/>
        <line num="447" count="3" type="stmt"/>
        <line num="448" count="3" type="stmt"/>
        <line num="449" count="3" type="stmt"/>
        <line num="450" count="3" type="stmt"/>
        <line num="454" count="2" type="stmt"/>
        <line num="455" count="2" type="stmt"/>
        <line num="459" count="2" type="stmt"/>
        <line num="461" count="2" type="stmt"/>
        <line num="462" count="2" type="cond" truecount="2" falsecount="0"/>
        <line num="463" count="1" type="stmt"/>
        <line num="465" count="1" type="stmt"/>
        <line num="468" count="2" type="stmt"/>
        <line num="469" count="2" type="stmt"/>
        <line num="470" count="2" type="cond" truecount="1" falsecount="1"/>
        <line num="473" count="2" type="cond" truecount="1" falsecount="1"/>
        <line num="474" count="2" type="cond" truecount="1" falsecount="1"/>
        <line num="475" count="2" type="stmt"/>
        <line num="476" count="2" type="stmt"/>
        <line num="478" count="2" type="stmt"/>
        <line num="487" count="2" type="stmt"/>
        <line num="489" count="2" type="stmt"/>
        <line num="490" count="2" type="cond" truecount="2" falsecount="0"/>
        <line num="491" count="1" type="stmt"/>
        <line num="493" count="1" type="stmt"/>
        <line num="496" count="2" type="stmt"/>
        <line num="498" count="2" type="cond" truecount="1" falsecount="1"/>
        <line num="499" count="4" type="stmt"/>
        <line num="502" count="2" type="stmt"/>
        <line num="503" count="2" type="stmt"/>
        <line num="505" count="2" type="stmt"/>
        <line num="509" count="170" type="stmt"/>
        <line num="513" count="3" type="stmt"/>
        <line num="515" count="3" type="stmt"/>
        <line num="518" count="3" type="stmt"/>
        <line num="519" count="13" type="cond" truecount="2" falsecount="0"/>
        <line num="521" count="1" type="stmt"/>
        <line num="523" count="1" type="stmt"/>
        <line num="526" count="3" type="stmt"/>
      </file>
      <file name="util.ts" path="C:\Users\Usuario\UNSA2026\PruebasS\actual_testing\packages\loot-core\src\server\spreadsheet\util.ts">
        <metrics statements="5" coveredstatements="5" conditionals="2" coveredconditionals="2" methods="2" coveredmethods="2"/>
        <line num="3" count="445" type="stmt"/>
        <line num="4" count="445" type="cond" truecount="2" falsecount="0"/>
        <line num="5" count="425" type="stmt"/>
        <line num="10" count="20" type="stmt"/>
        <line num="14" count="65" type="stmt"/>
      </file>
    </package>
  </project>
</coverage>
