{"C:\\Users\\Usuario\\UNSA2026\\PruebasS\\actual_testing\\packages\\loot-core\\src\\server\\dashboard\\app.ts": {"path":"C:\\Users\\Usuario\\UNSA2026\\PruebasS\\actual_testing\\packages\\loot-core\\src\\server\\dashboard\\app.ts","statementMap":{"0":{"start":{"line":28,"column":2},"end":{"line":28,"column":null}},"1":{"start":{"line":32,"column":2},"end":{"line":44,"column":null}},"2":{"start":{"line":47,"column":20},"end":{"line":102,"column":null}},"3":{"start":{"line":49,"column":4},"end":{"line":49,"column":null}},"4":{"start":{"line":51,"column":4},"end":{"line":54,"column":null}},"5":{"start":{"line":52,"column":6},"end":{"line":54,"column":null}},"6":{"start":{"line":57,"column":4},"end":{"line":100,"column":null}},"7":{"start":{"line":58,"column":6},"end":{"line":65,"column":null}},"8":{"start":{"line":67,"column":6},"end":{"line":70,"column":null}},"9":{"start":{"line":68,"column":8},"end":{"line":70,"column":null}},"10":{"start":{"line":73,"column":6},"end":{"line":76,"column":null}},"11":{"start":{"line":74,"column":8},"end":{"line":76,"column":null}},"12":{"start":{"line":79,"column":6},"end":{"line":82,"column":null}},"13":{"start":{"line":80,"column":8},"end":{"line":82,"column":null}},"14":{"start":{"line":85,"column":6},"end":{"line":88,"column":null}},"15":{"start":{"line":86,"column":8},"end":{"line":88,"column":null}},"16":{"start":{"line":91,"column":6},"end":{"line":94,"column":null}},"17":{"start":{"line":92,"column":8},"end":{"line":94,"column":null}},"18":{"start":{"line":97,"column":6},"end":{"line":98,"column":null}},"19":{"start":{"line":98,"column":8},"end":{"line":98,"column":null}},"20":{"start":{"line":105,"column":8},"end":{"line":105,"column":21}},"21":{"start":{"line":106,"column":2},"end":{"line":106,"column":null}},"22":{"start":{"line":108,"column":2},"end":{"line":108,"column":null}},"23":{"start":{"line":112,"column":14},"end":{"line":113,"column":null}},"24":{"start":{"line":116,"column":2},"end":{"line":117,"column":null}},"25":{"start":{"line":117,"column":4},"end":{"line":117,"column":null}},"26":{"start":{"line":120,"column":27},"end":{"line":122,"column":null}},"27":{"start":{"line":125,"column":2},"end":{"line":131,"column":null}},"28":{"start":{"line":126,"column":4},"end":{"line":126,"column":null}},"29":{"start":{"line":128,"column":4},"end":{"line":130,"column":null}},"30":{"start":{"line":129,"column":39},"end":{"line":129,"column":66}},"31":{"start":{"line":135,"column":2},"end":{"line":135,"column":null}},"32":{"start":{"line":141,"column":30},"end":{"line":144,"column":null}},"33":{"start":{"line":143,"column":54},"end":{"line":143,"column":57}},"34":{"start":{"line":146,"column":22},"end":{"line":147,"column":null}},"35":{"start":{"line":147,"column":57},"end":{"line":147,"column":76}},"36":{"start":{"line":150,"column":2},"end":{"line":155,"column":null}},"37":{"start":{"line":153,"column":24},"end":{"line":153,"column":74}},"38":{"start":{"line":154,"column":21},"end":{"line":154,"column":51}},"39":{"start":{"line":161,"column":2},"end":{"line":161,"column":null}},"40":{"start":{"line":165,"column":2},"end":{"line":181,"column":null}},"41":{"start":{"line":166,"column":20},"end":{"line":169,"column":null}},"42":{"start":{"line":172,"column":4},"end":{"line":180,"column":null}},"43":{"start":{"line":174,"column":33},"end":{"line":174,"column":60}},"44":{"start":{"line":178,"column":8},"end":{"line":178,"column":78}},"45":{"start":{"line":192,"column":2},"end":{"line":206,"column":null}},"46":{"start":{"line":193,"column":17},"end":{"line":197,"column":null}},"47":{"start":{"line":200,"column":4},"end":{"line":206,"column":null}},"48":{"start":{"line":201,"column":6},"end":{"line":201,"column":null}},"49":{"start":{"line":202,"column":6},"end":{"line":202,"column":null}},"50":{"start":{"line":204,"column":29},"end":{"line":204,"column":null}},"51":{"start":{"line":205,"column":6},"end":{"line":205,"column":null}},"52":{"start":{"line":206,"column":6},"end":{"line":206,"column":null}},"53":{"start":{"line":210,"column":65},"end":{"line":210,"column":null}},"54":{"start":{"line":212,"column":2},"end":{"line":215,"column":null}},"55":{"start":{"line":219,"column":2},"end":{"line":219,"column":null}},"56":{"start":{"line":230,"column":17},"end":{"line":232,"column":null}},"57":{"start":{"line":235,"column":2},"end":{"line":236,"column":null}},"58":{"start":{"line":236,"column":4},"end":{"line":236,"column":null}},"59":{"start":{"line":239,"column":2},"end":{"line":253,"column":null}},"60":{"start":{"line":241,"column":4},"end":{"line":251,"column":null}},"61":{"start":{"line":242,"column":24},"end":{"line":248,"column":null}},"62":{"start":{"line":249,"column":6},"end":{"line":249,"column":null}},"63":{"start":{"line":251,"column":6},"end":{"line":251,"column":null}},"64":{"start":{"line":263,"column":2},"end":{"line":346,"column":null}},"65":{"start":{"line":264,"column":4},"end":{"line":265,"column":null}},"66":{"start":{"line":265,"column":6},"end":{"line":265,"column":null}},"67":{"start":{"line":268,"column":20},"end":{"line":268,"column":47}},"68":{"start":{"line":269,"column":49},"end":{"line":269,"column":68}},"69":{"start":{"line":271,"column":4},"end":{"line":271,"column":null}},"70":{"start":{"line":273,"column":28},"end":{"line":274,"column":null}},"71":{"start":{"line":276,"column":30},"end":{"line":276,"column":74}},"72":{"start":{"line":276,"column":70},"end":{"line":276,"column":73}},"73":{"start":{"line":278,"column":28},"end":{"line":281,"column":null}},"74":{"start":{"line":284,"column":4},"end":{"line":330,"column":null}},"75":{"start":{"line":285,"column":6},"end":{"line":329,"column":null}},"76":{"start":{"line":287,"column":43},"end":{"line":287,"column":70}},"77":{"start":{"line":291,"column":10},"end":{"line":301,"column":12}},"78":{"start":{"line":307,"column":32},"end":{"line":307,"column":63}},"79":{"start":{"line":309,"column":12},"end":{"line":309,"column":75}},"80":{"start":{"line":315,"column":32},"end":{"line":315,"column":62}},"81":{"start":{"line":317,"column":12},"end":{"line":327,"column":14}},"82":{"start":{"line":321,"column":79},"end":{"line":323,"column":null}},"83":{"start":{"line":332,"column":4},"end":{"line":332,"column":null}},"84":{"start":{"line":334,"column":4},"end":{"line":336,"column":null}},"85":{"start":{"line":335,"column":6},"end":{"line":335,"column":null}},"86":{"start":{"line":336,"column":6},"end":{"line":336,"column":null}},"87":{"start":{"line":338,"column":4},"end":{"line":339,"column":null}},"88":{"start":{"line":339,"column":6},"end":{"line":339,"column":null}},"89":{"start":{"line":341,"column":4},"end":{"line":342,"column":null}},"90":{"start":{"line":342,"column":6},"end":{"line":342,"column":null}},"91":{"start":{"line":344,"column":4},"end":{"line":346,"column":null}},"92":{"start":{"line":363,"column":13},"end":{"line":363,"column":49}},"93":{"start":{"line":365,"column":0},"end":{"line":365,"column":null}},"94":{"start":{"line":366,"column":0},"end":{"line":366,"column":null}},"95":{"start":{"line":367,"column":0},"end":{"line":367,"column":null}},"96":{"start":{"line":368,"column":0},"end":{"line":368,"column":null}},"97":{"start":{"line":369,"column":0},"end":{"line":369,"column":null}},"98":{"start":{"line":370,"column":0},"end":{"line":370,"column":null}},"99":{"start":{"line":371,"column":0},"end":{"line":371,"column":null}},"100":{"start":{"line":372,"column":0},"end":{"line":372,"column":null}},"101":{"start":{"line":373,"column":0},"end":{"line":373,"column":null}},"102":{"start":{"line":374,"column":0},"end":{"line":374,"column":null}}},"fnMap":{"0":{"name":"isExportedCustomReportWidget","decl":{"start":{"line":25,"column":9},"end":{"line":25,"column":null}},"loc":{"start":{"line":27,"column":44},"end":{"line":28,"column":null}},"line":27},"1":{"name":"isWidgetType","decl":{"start":{"line":31,"column":9},"end":{"line":31,"column":22}},"loc":{"start":{"line":31,"column":75},"end":{"line":44,"column":null}},"line":31},"2":{"name":"validate","decl":{"start":{"line":48,"column":2},"end":{"line":48,"column":11}},"loc":{"start":{"line":48,"column":45},"end":{"line":102,"column":null}},"line":48},"3":{"name":"(anonymous_3)","decl":{"start":{"line":57,"column":22},"end":{"line":57,"column":31}},"loc":{"start":{"line":57,"column":47},"end":{"line":100,"column":null}},"line":57},"4":{"name":"createDashboardPage","decl":{"start":{"line":104,"column":15},"end":{"line":104,"column":35}},"loc":{"start":{"line":104,"column":63},"end":{"line":108,"column":null}},"line":104},"5":{"name":"deleteDashboardPage","decl":{"start":{"line":111,"column":15},"end":{"line":111,"column":35}},"loc":{"start":{"line":111,"column":47},"end":{"line":131,"column":null}},"line":111},"6":{"name":"(anonymous_6)","decl":{"start":{"line":125,"column":22},"end":{"line":125,"column":34}},"loc":{"start":{"line":125,"column":34},"end":{"line":131,"column":null}},"line":125},"7":{"name":"(anonymous_7)","decl":{"start":{"line":129,"column":23},"end":{"line":129,"column":28}},"loc":{"start":{"line":129,"column":39},"end":{"line":129,"column":66}},"line":129},"8":{"name":"renameDashboardPage","decl":{"start":{"line":134,"column":15},"end":{"line":134,"column":35}},"loc":{"start":{"line":134,"column":79},"end":{"line":135,"column":null}},"line":134},"9":{"name":"updateDashboard","decl":{"start":{"line":138,"column":15},"end":{"line":138,"column":null}},"loc":{"start":{"line":140,"column":2},"end":{"line":155,"column":null}},"line":140},"10":{"name":"(anonymous_10)","decl":{"start":{"line":143,"column":38},"end":{"line":143,"column":43}},"loc":{"start":{"line":143,"column":54},"end":{"line":143,"column":57}},"line":143},"11":{"name":"(anonymous_11)","decl":{"start":{"line":147,"column":43},"end":{"line":147,"column":47}},"loc":{"start":{"line":147,"column":57},"end":{"line":147,"column":76}},"line":147},"12":{"name":"(anonymous_12)","decl":{"start":{"line":153,"column":7},"end":{"line":153,"column":14}},"loc":{"start":{"line":153,"column":24},"end":{"line":153,"column":74}},"line":153},"13":{"name":"(anonymous_13)","decl":{"start":{"line":154,"column":7},"end":{"line":154,"column":11}},"loc":{"start":{"line":154,"column":21},"end":{"line":154,"column":51}},"line":154},"14":{"name":"updateDashboardWidget","decl":{"start":{"line":158,"column":15},"end":{"line":158,"column":null}},"loc":{"start":{"line":160,"column":2},"end":{"line":161,"column":null}},"line":160},"15":{"name":"resetDashboard","decl":{"start":{"line":164,"column":15},"end":{"line":164,"column":30}},"loc":{"start":{"line":164,"column":42},"end":{"line":181,"column":null}},"line":164},"16":{"name":"(anonymous_16)","decl":{"start":{"line":165,"column":22},"end":{"line":165,"column":34}},"loc":{"start":{"line":165,"column":34},"end":{"line":181,"column":null}},"line":165},"17":{"name":"(anonymous_17)","decl":{"start":{"line":174,"column":17},"end":{"line":174,"column":22}},"loc":{"start":{"line":174,"column":33},"end":{"line":174,"column":60}},"line":174},"18":{"name":"(anonymous_18)","decl":{"start":{"line":177,"column":33},"end":{"line":177,"column":37}},"loc":{"start":{"line":178,"column":8},"end":{"line":178,"column":78}},"line":178},"19":{"name":"addDashboardWidget","decl":{"start":{"line":184,"column":15},"end":{"line":184,"column":null}},"loc":{"start":{"line":189,"column":2},"end":{"line":215,"column":null}},"line":189},"20":{"name":"removeDashboardWidget","decl":{"start":{"line":218,"column":15},"end":{"line":218,"column":37}},"loc":{"start":{"line":218,"column":55},"end":{"line":219,"column":null}},"line":218},"21":{"name":"copyDashboardWidget","decl":{"start":{"line":222,"column":15},"end":{"line":222,"column":35}},"loc":{"start":{"line":228,"column":3},"end":{"line":253,"column":null}},"line":228},"22":{"name":"(anonymous_22)","decl":{"start":{"line":239,"column":22},"end":{"line":239,"column":34}},"loc":{"start":{"line":239,"column":34},"end":{"line":253,"column":null}},"line":239},"23":{"name":"importDashboard","decl":{"start":{"line":256,"column":15},"end":{"line":256,"column":31}},"loc":{"start":{"line":262,"column":3},"end":{"line":346,"column":null}},"line":262},"24":{"name":"(anonymous_24)","decl":{"start":{"line":276,"column":54},"end":{"line":276,"column":59}},"loc":{"start":{"line":276,"column":70},"end":{"line":276,"column":73}},"line":276},"25":{"name":"(anonymous_25)","decl":{"start":{"line":284,"column":24},"end":{"line":284,"column":36}},"loc":{"start":{"line":284,"column":36},"end":{"line":330,"column":null}},"line":284},"26":{"name":"(anonymous_26)","decl":{"start":{"line":287,"column":27},"end":{"line":287,"column":32}},"loc":{"start":{"line":287,"column":43},"end":{"line":287,"column":70}},"line":287},"27":{"name":"(anonymous_27)","decl":{"start":{"line":290,"column":33},"end":{"line":290,"column":37}},"loc":{"start":{"line":291,"column":10},"end":{"line":301,"column":12}},"line":291},"28":{"name":"(anonymous_28)","decl":{"start":{"line":307,"column":11},"end":{"line":307,"column":19}},"loc":{"start":{"line":307,"column":32},"end":{"line":307,"column":63}},"line":307},"29":{"name":"(anonymous_29)","decl":{"start":{"line":308,"column":11},"end":{"line":308,"column":16}},"loc":{"start":{"line":309,"column":12},"end":{"line":309,"column":75}},"line":309},"30":{"name":"(anonymous_30)","decl":{"start":{"line":315,"column":11},"end":{"line":315,"column":19}},"loc":{"start":{"line":315,"column":32},"end":{"line":315,"column":62}},"line":315},"31":{"name":"(anonymous_31)","decl":{"start":{"line":316,"column":11},"end":{"line":316,"column":16}},"loc":{"start":{"line":317,"column":12},"end":{"line":327,"column":14}},"line":317},"32":{"name":"(anonymous_32)","decl":{"start":{"line":321,"column":57},"end":{"line":321,"column":62}},"loc":{"start":{"line":321,"column":79},"end":{"line":323,"column":null}},"line":321}},"branchMap":{"0":{"loc":{"start":{"line":51,"column":4},"end":{"line":54,"column":null}},"type":"if","locations":[{"start":{"line":51,"column":4},"end":{"line":54,"column":null}},{"start":{},"end":{}}],"line":51},"1":{"loc":{"start":{"line":64,"column":12},"end":{"line":64,"column":null}},"type":"cond-expr","locations":[{"start":{"line":64,"column":51},"end":{"line":64,"column":68}},{"start":{"line":64,"column":71},"end":{"line":64,"column":null}}],"line":64},"2":{"loc":{"start":{"line":67,"column":6},"end":{"line":70,"column":null}},"type":"if","locations":[{"start":{"line":67,"column":6},"end":{"line":70,"column":null}},{"start":{},"end":{}}],"line":67},"3":{"loc":{"start":{"line":73,"column":6},"end":{"line":76,"column":null}},"type":"if","locations":[{"start":{"line":73,"column":6},"end":{"line":76,"column":null}},{"start":{},"end":{}}],"line":73},"4":{"loc":{"start":{"line":79,"column":6},"end":{"line":82,"column":null}},"type":"if","locations":[{"start":{"line":79,"column":6},"end":{"line":82,"column":null}},{"start":{},"end":{}}],"line":79},"5":{"loc":{"start":{"line":85,"column":6},"end":{"line":88,"column":null}},"type":"if","locations":[{"start":{"line":85,"column":6},"end":{"line":88,"column":null}},{"start":{},"end":{}}],"line":85},"6":{"loc":{"start":{"line":91,"column":6},"end":{"line":94,"column":null}},"type":"if","locations":[{"start":{"line":91,"column":6},"end":{"line":94,"column":null}},{"start":{},"end":{}}],"line":91},"7":{"loc":{"start":{"line":97,"column":6},"end":{"line":98,"column":null}},"type":"if","locations":[{"start":{"line":97,"column":6},"end":{"line":98,"column":null}},{"start":{},"end":{}}],"line":97},"8":{"loc":{"start":{"line":116,"column":2},"end":{"line":117,"column":null}},"type":"if","locations":[{"start":{"line":116,"column":2},"end":{"line":117,"column":null}},{"start":{},"end":{}}],"line":116},"9":{"loc":{"start":{"line":116,"column":7},"end":{"line":116,"column":23}},"type":"binary-expr","locations":[{"start":{"line":116,"column":7},"end":{"line":116,"column":17}},{"start":{"line":116,"column":17},"end":{"line":116,"column":23}}],"line":116},"10":{"loc":{"start":{"line":153,"column":33},"end":{"line":153,"column":65}},"type":"binary-expr","locations":[{"start":{"line":153,"column":33},"end":{"line":153,"column":59}},{"start":{"line":153,"column":63},"end":{"line":153,"column":65}}],"line":153},"11":{"loc":{"start":{"line":192,"column":2},"end":{"line":206,"column":null}},"type":"if","locations":[{"start":{"line":192,"column":2},"end":{"line":206,"column":null}},{"start":{},"end":{}}],"line":192},"12":{"loc":{"start":{"line":192,"column":6},"end":{"line":192,"column":44}},"type":"binary-expr","locations":[{"start":{"line":192,"column":6},"end":{"line":192,"column":26}},{"start":{"line":192,"column":26},"end":{"line":192,"column":44}}],"line":192},"13":{"loc":{"start":{"line":200,"column":4},"end":{"line":206,"column":null}},"type":"if","locations":[{"start":{"line":200,"column":4},"end":{"line":206,"column":null}},{"start":{"line":203,"column":11},"end":{"line":206,"column":null}}],"line":200},"14":{"loc":{"start":{"line":205,"column":17},"end":{"line":205,"column":null}},"type":"cond-expr","locations":[{"start":{"line":205,"column":39},"end":{"line":205,"column":43}},{"start":{"line":205,"column":43},"end":{"line":205,"column":null}}],"line":205},"15":{"loc":{"start":{"line":206,"column":27},"end":{"line":206,"column":null}},"type":"cond-expr","locations":[{"start":{"line":206,"column":49},"end":{"line":206,"column":63}},{"start":{"line":206,"column":63},"end":{"line":206,"column":null}}],"line":206},"16":{"loc":{"start":{"line":235,"column":2},"end":{"line":236,"column":null}},"type":"if","locations":[{"start":{"line":235,"column":2},"end":{"line":236,"column":null}},{"start":{},"end":{}}],"line":235},"17":{"loc":{"start":{"line":241,"column":4},"end":{"line":251,"column":null}},"type":"if","locations":[{"start":{"line":241,"column":4},"end":{"line":251,"column":null}},{"start":{"line":250,"column":11},"end":{"line":251,"column":null}}],"line":241},"18":{"loc":{"start":{"line":246,"column":14},"end":{"line":246,"column":56}},"type":"cond-expr","locations":[{"start":{"line":246,"column":28},"end":{"line":246,"column":51}},{"start":{"line":246,"column":54},"end":{"line":246,"column":56}}],"line":246},"19":{"loc":{"start":{"line":264,"column":4},"end":{"line":265,"column":null}},"type":"if","locations":[{"start":{"line":264,"column":4},"end":{"line":265,"column":null}},{"start":{},"end":{}}],"line":264},"20":{"loc":{"start":{"line":298,"column":18},"end":{"line":300,"column":null}},"type":"cond-expr","locations":[{"start":{"line":299,"column":16},"end":{"line":299,"column":38}},{"start":{"line":300,"column":16},"end":{"line":300,"column":null}}],"line":298},"21":{"loc":{"start":{"line":323,"column":18},"end":{"line":323,"column":null}},"type":"binary-expr","locations":[{"start":{"line":323,"column":18},"end":{"line":323,"column":27}},{"start":{"line":323,"column":27},"end":{"line":323,"column":null}}],"line":323},"22":{"loc":{"start":{"line":334,"column":4},"end":{"line":336,"column":null}},"type":"if","locations":[{"start":{"line":334,"column":4},"end":{"line":336,"column":null}},{"start":{},"end":{}}],"line":334},"23":{"loc":{"start":{"line":338,"column":4},"end":{"line":339,"column":null}},"type":"if","locations":[{"start":{"line":338,"column":4},"end":{"line":339,"column":null}},{"start":{},"end":{}}],"line":338},"24":{"loc":{"start":{"line":341,"column":4},"end":{"line":342,"column":null}},"type":"if","locations":[{"start":{"line":341,"column":4},"end":{"line":342,"column":null}},{"start":{},"end":{}}],"line":341}},"s":{"0":30,"1":8,"2":1,"3":11,"4":11,"5":1,"6":10,"7":10,"8":10,"9":1,"10":9,"11":1,"12":8,"13":1,"14":7,"15":1,"16":6,"17":1,"18":5,"19":2,"20":3,"21":3,"22":3,"23":3,"24":3,"25":1,"26":2,"27":2,"28":2,"29":2,"30":2,"31":1,"32":1,"33":1,"34":1,"35":1,"36":1,"37":1,"38":1,"39":1,"40":1,"41":1,"42":1,"43":1,"44":12,"45":5,"46":4,"47":4,"48":3,"49":3,"50":1,"51":1,"52":1,"53":5,"54":5,"55":1,"56":3,"57":3,"58":1,"59":2,"60":2,"61":1,"62":1,"63":1,"64":13,"65":13,"66":1,"67":12,"68":12,"69":12,"70":12,"71":5,"72":1,"73":5,"74":5,"75":5,"76":0,"77":5,"78":2,"79":1,"80":2,"81":1,"82":20,"83":5,"84":8,"85":8,"86":8,"87":8,"88":1,"89":7,"90":6,"91":1,"92":1,"93":1,"94":1,"95":1,"96":1,"97":1,"98":1,"99":1,"100":1,"101":1,"102":1},"f":{"0":30,"1":8,"2":11,"3":10,"4":3,"5":3,"6":2,"7":2,"8":1,"9":1,"10":1,"11":1,"12":1,"13":1,"14":1,"15":1,"16":1,"17":1,"18":12,"19":5,"20":1,"21":3,"22":2,"23":13,"24":1,"25":5,"26":0,"27":5,"28":2,"29":1,"30":2,"31":1,"32":20},"b":{"0":[1,10],"1":[2,8],"2":[1,9],"3":[1,8],"4":[1,7],"5":[1,6],"6":[1,5],"7":[2,3],"8":[1,2],"9":[3,0],"10":[1,0],"11":[4,1],"12":[5,4],"13":[3,1],"14":[0,1],"15":[0,1],"16":[1,2],"17":[1,1],"18":[0,1],"19":[1,12],"20":[2,3],"21":[20,0],"22":[8,0],"23":[1,7],"24":[6,1]},"meta":{"lastBranch":25,"lastFunction":33,"lastStatement":103,"seen":{"f:25:9:25:Infinity":0,"s:28:2:28:Infinity":0,"f:31:9:31:22":1,"s:32:2:44:Infinity":1,"s:47:20:102:Infinity":2,"f:48:2:48:11":2,"s:49:4:49:Infinity":3,"b:51:4:54:Infinity:undefined:undefined:undefined:undefined":0,"s:51:4:54:Infinity":4,"s:52:6:54:Infinity":5,"s:57:4:100:Infinity":6,"f:57:22:57:31":3,"s:58:6:65:Infinity":7,"b:64:51:64:68:64:71:64:Infinity":1,"b:67:6:70:Infinity:undefined:undefined:undefined:undefined":2,"s:67:6:70:Infinity":8,"s:68:8:70:Infinity":9,"b:73:6:76:Infinity:undefined:undefined:undefined:undefined":3,"s:73:6:76:Infinity":10,"s:74:8:76:Infinity":11,"b:79:6:82:Infinity:undefined:undefined:undefined:undefined":4,"s:79:6:82:Infinity":12,"s:80:8:82:Infinity":13,"b:85:6:88:Infinity:undefined:undefined:undefined:undefined":5,"s:85:6:88:Infinity":14,"s:86:8:88:Infinity":15,"b:91:6:94:Infinity:undefined:undefined:undefined:undefined":6,"s:91:6:94:Infinity":16,"s:92:8:94:Infinity":17,"b:97:6:98:Infinity:undefined:undefined:undefined:undefined":7,"s:97:6:98:Infinity":18,"s:98:8:98:Infinity":19,"f:104:15:104:35":4,"s:105:8:105:21":20,"s:106:2:106:Infinity":21,"s:108:2:108:Infinity":22,"f:111:15:111:35":5,"s:112:14:113:Infinity":23,"b:116:2:117:Infinity:undefined:undefined:undefined:undefined":8,"s:116:2:117:Infinity":24,"b:116:7:116:17:116:17:116:23":9,"s:117:4:117:Infinity":25,"s:120:27:122:Infinity":26,"s:125:2:131:Infinity":27,"f:125:22:125:34":6,"s:126:4:126:Infinity":28,"s:128:4:130:Infinity":29,"f:129:23:129:28":7,"s:129:39:129:66":30,"f:134:15:134:35":8,"s:135:2:135:Infinity":31,"f:138:15:138:Infinity":9,"s:141:30:144:Infinity":32,"f:143:38:143:43":10,"s:143:54:143:57":33,"s:146:22:147:Infinity":34,"f:147:43:147:47":11,"s:147:57:147:76":35,"s:150:2:155:Infinity":36,"f:153:7:153:14":12,"s:153:24:153:74":37,"b:153:33:153:59:153:63:153:65":10,"f:154:7:154:11":13,"s:154:21:154:51":38,"f:158:15:158:Infinity":14,"s:161:2:161:Infinity":39,"f:164:15:164:30":15,"s:165:2:181:Infinity":40,"f:165:22:165:34":16,"s:166:20:169:Infinity":41,"s:172:4:180:Infinity":42,"f:174:17:174:22":17,"s:174:33:174:60":43,"f:177:33:177:37":18,"s:178:8:178:78":44,"f:184:15:184:Infinity":19,"b:192:2:206:Infinity:undefined:undefined:undefined:undefined":11,"s:192:2:206:Infinity":45,"b:192:6:192:26:192:26:192:44":12,"s:193:17:197:Infinity":46,"b:200:4:206:Infinity:203:11:206:Infinity":13,"s:200:4:206:Infinity":47,"s:201:6:201:Infinity":48,"s:202:6:202:Infinity":49,"s:204:29:204:Infinity":50,"s:205:6:205:Infinity":51,"b:205:39:205:43:205:43:205:Infinity":14,"s:206:6:206:Infinity":52,"b:206:49:206:63:206:63:206:Infinity":15,"s:210:65:210:Infinity":53,"s:212:2:215:Infinity":54,"f:218:15:218:37":20,"s:219:2:219:Infinity":55,"f:222:15:222:35":21,"s:230:17:232:Infinity":56,"b:235:2:236:Infinity:undefined:undefined:undefined:undefined":16,"s:235:2:236:Infinity":57,"s:236:4:236:Infinity":58,"s:239:2:253:Infinity":59,"f:239:22:239:34":22,"b:241:4:251:Infinity:250:11:251:Infinity":17,"s:241:4:251:Infinity":60,"s:242:24:248:Infinity":61,"b:246:28:246:51:246:54:246:56":18,"s:249:6:249:Infinity":62,"s:251:6:251:Infinity":63,"f:256:15:256:31":23,"s:263:2:346:Infinity":64,"b:264:4:265:Infinity:undefined:undefined:undefined:undefined":19,"s:264:4:265:Infinity":65,"s:265:6:265:Infinity":66,"s:268:20:268:47":67,"s:269:49:269:68":68,"s:271:4:271:Infinity":69,"s:273:28:274:Infinity":70,"s:276:30:276:74":71,"f:276:54:276:59":24,"s:276:70:276:73":72,"s:278:28:281:Infinity":73,"s:284:4:330:Infinity":74,"f:284:24:284:36":25,"s:285:6:329:Infinity":75,"f:287:27:287:32":26,"s:287:43:287:70":76,"f:290:33:290:37":27,"s:291:10:301:12":77,"b:299:16:299:38:300:16:300:Infinity":20,"f:307:11:307:19":28,"s:307:32:307:63":78,"f:308:11:308:16":29,"s:309:12:309:75":79,"f:315:11:315:19":30,"s:315:32:315:62":80,"f:316:11:316:16":31,"s:317:12:327:14":81,"f:321:57:321:62":32,"s:321:79:323:Infinity":82,"b:323:18:323:27:323:27:323:Infinity":21,"s:332:4:332:Infinity":83,"b:334:4:336:Infinity:undefined:undefined:undefined:undefined":22,"s:334:4:336:Infinity":84,"s:335:6:335:Infinity":85,"s:336:6:336:Infinity":86,"b:338:4:339:Infinity:undefined:undefined:undefined:undefined":23,"s:338:4:339:Infinity":87,"s:339:6:339:Infinity":88,"b:341:4:342:Infinity:undefined:undefined:undefined:undefined":24,"s:341:4:342:Infinity":89,"s:342:6:342:Infinity":90,"s:344:4:346:Infinity":91,"s:363:13:363:49":92,"s:365:0:365:Infinity":93,"s:366:0:366:Infinity":94,"s:367:0:367:Infinity":95,"s:368:0:368:Infinity":96,"s:369:0:369:Infinity":97,"s:370:0:370:Infinity":98,"s:371:0:371:Infinity":99,"s:372:0:372:Infinity":100,"s:373:0:373:Infinity":101,"s:374:0:374:Infinity":102},"fnNames":{}}}
,"C:\\Users\\Usuario\\UNSA2026\\PruebasS\\actual_testing\\packages\\loot-core\\src\\server\\forecast\\app.ts": {"path":"C:\\Users\\Usuario\\UNSA2026\\PruebasS\\actual_testing\\packages\\loot-core\\src\\server\\forecast\\app.ts","statementMap":{"0":{"start":{"line":33,"column":2},"end":{"line":39,"column":null}},"1":{"start":{"line":43,"column":2},"end":{"line":52,"column":null}},"2":{"start":{"line":63,"column":28},"end":{"line":63,"column":null}},"3":{"start":{"line":64,"column":8},"end":{"line":64,"column":66}},"4":{"start":{"line":65,"column":39},"end":{"line":67,"column":null}},"5":{"start":{"line":69,"column":17},"end":{"line":74,"column":4}},"6":{"start":{"line":76,"column":2},"end":{"line":80,"column":null}},"7":{"start":{"line":77,"column":4},"end":{"line":80,"column":null}},"8":{"start":{"line":83,"column":2},"end":{"line":87,"column":null}},"9":{"start":{"line":85,"column":30},"end":{"line":85,"column":76}},"10":{"start":{"line":87,"column":4},"end":{"line":87,"column":null}},"11":{"start":{"line":90,"column":28},"end":{"line":90,"column":63}},"12":{"start":{"line":90,"column":52},"end":{"line":90,"column":63}},"13":{"start":{"line":91,"column":23},"end":{"line":91,"column":78}},"14":{"start":{"line":91,"column":55},"end":{"line":91,"column":76}},"15":{"start":{"line":92,"column":53},"end":{"line":96,"column":4}},"16":{"start":{"line":97,"column":20},"end":{"line":100,"column":null}},"17":{"start":{"line":100,"column":20},"end":{"line":100,"column":null}},"18":{"start":{"line":103,"column":27},"end":{"line":104,"column":null}},"19":{"start":{"line":104,"column":32},"end":{"line":104,"column":53}},"20":{"start":{"line":106,"column":2},"end":{"line":110,"column":null}},"21":{"start":{"line":107,"column":4},"end":{"line":110,"column":null}},"22":{"start":{"line":113,"column":28},"end":{"line":117,"column":null}},"23":{"start":{"line":119,"column":22},"end":{"line":125,"column":4}},"24":{"start":{"line":127,"column":2},"end":{"line":132,"column":null}},"25":{"start":{"line":146,"column":13},"end":{"line":146,"column":48}},"26":{"start":{"line":148,"column":0},"end":{"line":148,"column":null}}},"fnMap":{"0":{"name":"createUnassignedForecastAccount","decl":{"start":{"line":32,"column":9},"end":{"line":32,"column":71}},"loc":{"start":{"line":32,"column":71},"end":{"line":39,"column":null}},"line":32},"1":{"name":"createUnassignedRuleAccountStub","decl":{"start":{"line":42,"column":9},"end":{"line":42,"column":62}},"loc":{"start":{"line":42,"column":62},"end":{"line":52,"column":null}},"line":42},"2":{"name":"generateForecast","decl":{"start":{"line":55,"column":22},"end":{"line":55,"column":39}},"loc":{"start":{"line":62,"column":51},"end":{"line":132,"column":null}},"line":62},"3":{"name":"(anonymous_3)","decl":{"start":{"line":85,"column":14},"end":{"line":85,"column":19}},"loc":{"start":{"line":85,"column":30},"end":{"line":85,"column":76}},"line":85},"4":{"name":"(anonymous_4)","decl":{"start":{"line":90,"column":37},"end":{"line":90,"column":41}},"loc":{"start":{"line":90,"column":52},"end":{"line":90,"column":63}},"line":90},"5":{"name":"(anonymous_5)","decl":{"start":{"line":91,"column":40},"end":{"line":91,"column":44}},"loc":{"start":{"line":91,"column":55},"end":{"line":91,"column":76}},"line":91},"6":{"name":"(anonymous_6)","decl":{"start":{"line":99,"column":19},"end":{"line":99,"column":null}},"loc":{"start":{"line":100,"column":20},"end":{"line":100,"column":null}},"line":100},"7":{"name":"(anonymous_7)","decl":{"start":{"line":104,"column":17},"end":{"line":104,"column":21}},"loc":{"start":{"line":104,"column":32},"end":{"line":104,"column":53}},"line":104}},"branchMap":{"0":{"loc":{"start":{"line":63,"column":28},"end":{"line":63,"column":null}},"type":"binary-expr","locations":[{"start":{"line":63,"column":28},"end":{"line":63,"column":59}},{"start":{"line":63,"column":59},"end":{"line":63,"column":null}}],"line":63},"1":{"loc":{"start":{"line":76,"column":2},"end":{"line":80,"column":null}},"type":"if","locations":[{"start":{"line":76,"column":2},"end":{"line":80,"column":null}},{"start":{},"end":{}}],"line":76},"2":{"loc":{"start":{"line":83,"column":2},"end":{"line":87,"column":null}},"type":"if","locations":[{"start":{"line":83,"column":2},"end":{"line":87,"column":null}},{"start":{},"end":{}}],"line":83},"3":{"loc":{"start":{"line":84,"column":4},"end":{"line":85,"column":76}},"type":"binary-expr","locations":[{"start":{"line":84,"column":4},"end":{"line":84,"column":null}},{"start":{"line":85,"column":4},"end":{"line":85,"column":76}}],"line":84},"4":{"loc":{"start":{"line":97,"column":20},"end":{"line":100,"column":null}},"type":"cond-expr","locations":[{"start":{"line":98,"column":6},"end":{"line":98,"column":null}},{"start":{"line":99,"column":6},"end":{"line":100,"column":null}}],"line":97},"5":{"loc":{"start":{"line":106,"column":2},"end":{"line":110,"column":null}},"type":"if","locations":[{"start":{"line":106,"column":2},"end":{"line":110,"column":null}},{"start":{},"end":{}}],"line":106}},"s":{"0":1,"1":1,"2":16,"3":16,"4":16,"5":16,"6":16,"7":3,"8":13,"9":1,"10":1,"11":13,"12":16,"13":13,"14":16,"15":13,"16":13,"17":6,"18":16,"19":17,"20":16,"21":1,"22":13,"23":13,"24":13,"25":2,"26":2},"f":{"0":1,"1":1,"2":16,"3":1,"4":16,"5":16,"6":6,"7":17},"b":{"0":[16,14],"1":[3,13],"2":[1,12],"3":[13,1],"4":[1,12],"5":[1,15]},"meta":{"lastBranch":6,"lastFunction":8,"lastStatement":27,"seen":{"f:32:9:32:71":0,"s:33:2:39:Infinity":0,"f:42:9:42:62":1,"s:43:2:52:Infinity":1,"f:55:22:55:39":2,"s:63:28:63:Infinity":2,"b:63:28:63:59:63:59:63:Infinity":0,"s:64:8:64:66":3,"s:65:39:67:Infinity":4,"s:69:17:74:4":5,"b:76:2:80:Infinity:undefined:undefined:undefined:undefined":1,"s:76:2:80:Infinity":6,"s:77:4:80:Infinity":7,"b:83:2:87:Infinity:undefined:undefined:undefined:undefined":2,"s:83:2:87:Infinity":8,"b:84:4:84:Infinity:85:4:85:76":3,"f:85:14:85:19":3,"s:85:30:85:76":9,"s:87:4:87:Infinity":10,"s:90:28:90:63":11,"f:90:37:90:41":4,"s:90:52:90:63":12,"s:91:23:91:78":13,"f:91:40:91:44":5,"s:91:55:91:76":14,"s:92:53:96:4":15,"s:97:20:100:Infinity":16,"b:98:6:98:Infinity:99:6:100:Infinity":4,"f:99:19:99:Infinity":6,"s:100:20:100:Infinity":17,"s:103:27:104:Infinity":18,"f:104:17:104:21":7,"s:104:32:104:53":19,"b:106:2:110:Infinity:undefined:undefined:undefined:undefined":5,"s:106:2:110:Infinity":20,"s:107:4:110:Infinity":21,"s:113:28:117:Infinity":22,"s:119:22:125:4":23,"s:127:2:132:Infinity":24,"s:146:13:146:48":25,"s:148:0:148:Infinity":26},"fnNames":{}}}
,"C:\\Users\\Usuario\\UNSA2026\\PruebasS\\actual_testing\\packages\\loot-core\\src\\server\\forecast\\forecast-accounts.ts": {"path":"C:\\Users\\Usuario\\UNSA2026\\PruebasS\\actual_testing\\packages\\loot-core\\src\\server\\forecast\\forecast-accounts.ts","statementMap":{"0":{"start":{"line":22,"column":2},"end":{"line":22,"column":null}},"1":{"start":{"line":29,"column":2},"end":{"line":60,"column":null}},"2":{"start":{"line":31,"column":6},"end":{"line":31,"column":null}},"3":{"start":{"line":33,"column":6},"end":{"line":33,"column":null}},"4":{"start":{"line":35,"column":6},"end":{"line":35,"column":null}},"5":{"start":{"line":37,"column":6},"end":{"line":37,"column":null}},"6":{"start":{"line":39,"column":6},"end":{"line":41,"column":null}},"7":{"start":{"line":43,"column":6},"end":{"line":45,"column":null}},"8":{"start":{"line":47,"column":6},"end":{"line":52,"column":null}},"9":{"start":{"line":48,"column":8},"end":{"line":50,"column":null}},"10":{"start":{"line":52,"column":8},"end":{"line":52,"column":null}},"11":{"start":{"line":56,"column":6},"end":{"line":56,"column":null}},"12":{"start":{"line":58,"column":6},"end":{"line":58,"column":null}},"13":{"start":{"line":60,"column":6},"end":{"line":60,"column":null}},"14":{"start":{"line":68,"column":28},"end":{"line":69,"column":null}},"15":{"start":{"line":69,"column":50},"end":{"line":69,"column":null}},"16":{"start":{"line":72,"column":2},"end":{"line":73,"column":null}},"17":{"start":{"line":73,"column":4},"end":{"line":73,"column":null}},"18":{"start":{"line":76,"column":22},"end":{"line":76,"column":44}},"19":{"start":{"line":78,"column":27},"end":{"line":86,"column":null}},"20":{"start":{"line":79,"column":20},"end":{"line":80,"column":null}},"21":{"start":{"line":80,"column":6},"end":{"line":80,"column":49}},"22":{"start":{"line":83,"column":4},"end":{"line":85,"column":null}},"23":{"start":{"line":88,"column":2},"end":{"line":88,"column":null}},"24":{"start":{"line":88,"column":41},"end":{"line":88,"column":52}},"25":{"start":{"line":95,"column":2},"end":{"line":96,"column":null}},"26":{"start":{"line":96,"column":4},"end":{"line":96,"column":null}},"27":{"start":{"line":99,"column":28},"end":{"line":100,"column":null}},"28":{"start":{"line":100,"column":17},"end":{"line":100,"column":null}},"29":{"start":{"line":103,"column":2},"end":{"line":104,"column":null}},"30":{"start":{"line":104,"column":4},"end":{"line":104,"column":null}},"31":{"start":{"line":107,"column":34},"end":{"line":108,"column":null}},"32":{"start":{"line":108,"column":17},"end":{"line":108,"column":null}},"33":{"start":{"line":111,"column":2},"end":{"line":111,"column":null}},"34":{"start":{"line":117,"column":19},"end":{"line":117,"column":41}},"35":{"start":{"line":119,"column":4},"end":{"line":121,"column":67}},"36":{"start":{"line":121,"column":35},"end":{"line":121,"column":66}},"37":{"start":{"line":123,"column":2},"end":{"line":124,"column":null}},"38":{"start":{"line":124,"column":4},"end":{"line":124,"column":null}},"39":{"start":{"line":127,"column":14},"end":{"line":127,"column":57}},"40":{"start":{"line":127,"column":46},"end":{"line":127,"column":57}},"41":{"start":{"line":128,"column":32},"end":{"line":136,"column":null}},"42":{"start":{"line":139,"column":27},"end":{"line":139,"column":52}},"43":{"start":{"line":140,"column":2},"end":{"line":144,"column":null}},"44":{"start":{"line":144,"column":4},"end":{"line":144,"column":null}},"45":{"start":{"line":147,"column":2},"end":{"line":153,"column":null}},"46":{"start":{"line":147,"column":42},"end":{"line":153,"column":5}},"47":{"start":{"line":167,"column":27},"end":{"line":167,"column":null}},"48":{"start":{"line":169,"column":2},"end":{"line":178,"column":null}},"49":{"start":{"line":170,"column":32},"end":{"line":172,"column":null}},"50":{"start":{"line":174,"column":4},"end":{"line":178,"column":null}},"51":{"start":{"line":175,"column":6},"end":{"line":178,"column":null}},"52":{"start":{"line":177,"column":44},"end":{"line":177,"column":76}},"53":{"start":{"line":182,"column":2},"end":{"line":182,"column":null}}},"fnMap":{"0":{"name":"getAccountName","decl":{"start":{"line":21,"column":9},"end":{"line":21,"column":24}},"loc":{"start":{"line":21,"column":51},"end":{"line":22,"column":null}},"line":21},"1":{"name":"matchesAccountCondition","decl":{"start":{"line":25,"column":16},"end":{"line":25,"column":null}},"loc":{"start":{"line":28,"column":2},"end":{"line":60,"column":null}},"line":28},"2":{"name":"resolveAccountIdsFromConditions","decl":{"start":{"line":64,"column":22},"end":{"line":64,"column":null}},"loc":{"start":{"line":67,"column":33},"end":{"line":88,"column":null}},"line":67},"3":{"name":"(anonymous_3)","decl":{"start":{"line":68,"column":39},"end":{"line":68,"column":null}},"loc":{"start":{"line":69,"column":50},"end":{"line":69,"column":null}},"line":69},"4":{"name":"(anonymous_4)","decl":{"start":{"line":78,"column":39},"end":{"line":78,"column":46}},"loc":{"start":{"line":78,"column":57},"end":{"line":86,"column":null}},"line":78},"5":{"name":"(anonymous_5)","decl":{"start":{"line":79,"column":38},"end":{"line":79,"column":42}},"loc":{"start":{"line":80,"column":6},"end":{"line":80,"column":49}},"line":80},"6":{"name":"(anonymous_6)","decl":{"start":{"line":88,"column":26},"end":{"line":88,"column":30}},"loc":{"start":{"line":88,"column":41},"end":{"line":88,"column":52}},"line":88},"7":{"name":"getAccountRestrictionMode","decl":{"start":{"line":91,"column":16},"end":{"line":91,"column":null}},"loc":{"start":{"line":94,"column":2},"end":{"line":111,"column":null}},"line":94},"8":{"name":"(anonymous_8)","decl":{"start":{"line":99,"column":39},"end":{"line":99,"column":null}},"loc":{"start":{"line":100,"column":17},"end":{"line":100,"column":null}},"line":100},"9":{"name":"(anonymous_9)","decl":{"start":{"line":107,"column":45},"end":{"line":107,"column":null}},"loc":{"start":{"line":108,"column":17},"end":{"line":108,"column":null}},"line":108},"10":{"name":"getAccounts","decl":{"start":{"line":114,"column":22},"end":{"line":114,"column":null}},"loc":{"start":{"line":116,"column":41},"end":{"line":153,"column":null}},"line":116},"11":{"name":"(anonymous_11)","decl":{"start":{"line":121,"column":17},"end":{"line":121,"column":24}},"loc":{"start":{"line":121,"column":35},"end":{"line":121,"column":66}},"line":121},"12":{"name":"(anonymous_12)","decl":{"start":{"line":127,"column":31},"end":{"line":127,"column":35}},"loc":{"start":{"line":127,"column":46},"end":{"line":127,"column":57}},"line":127},"13":{"name":"(anonymous_13)","decl":{"start":{"line":147,"column":26},"end":{"line":147,"column":30}},"loc":{"start":{"line":147,"column":42},"end":{"line":153,"column":5}},"line":147},"14":{"name":"resolveForecastAccounts","decl":{"start":{"line":156,"column":22},"end":{"line":156,"column":46}},"loc":{"start":{"line":166,"column":3},"end":{"line":182,"column":null}},"line":166},"15":{"name":"(anonymous_15)","decl":{"start":{"line":177,"column":31},"end":{"line":177,"column":38}},"loc":{"start":{"line":177,"column":44},"end":{"line":177,"column":76}},"line":177}},"branchMap":{"0":{"loc":{"start":{"line":29,"column":2},"end":{"line":60,"column":null}},"type":"switch","locations":[{"start":{"line":30,"column":4},"end":{"line":31,"column":null}},{"start":{"line":32,"column":4},"end":{"line":33,"column":null}},{"start":{"line":34,"column":4},"end":{"line":35,"column":null}},{"start":{"line":36,"column":4},"end":{"line":37,"column":null}},{"start":{"line":38,"column":4},"end":{"line":41,"column":null}},{"start":{"line":42,"column":4},"end":{"line":45,"column":null}},{"start":{"line":46,"column":4},"end":{"line":52,"column":null}},{"start":{"line":55,"column":4},"end":{"line":56,"column":null}},{"start":{"line":57,"column":4},"end":{"line":58,"column":null}},{"start":{"line":59,"column":4},"end":{"line":60,"column":null}}],"line":29},"1":{"loc":{"start":{"line":72,"column":2},"end":{"line":73,"column":null}},"type":"if","locations":[{"start":{"line":72,"column":2},"end":{"line":73,"column":null}},{"start":{},"end":{}}],"line":72},"2":{"loc":{"start":{"line":83,"column":11},"end":{"line":85,"column":30}},"type":"cond-expr","locations":[{"start":{"line":84,"column":8},"end":{"line":84,"column":29}},{"start":{"line":85,"column":8},"end":{"line":85,"column":30}}],"line":83},"3":{"loc":{"start":{"line":95,"column":2},"end":{"line":96,"column":null}},"type":"if","locations":[{"start":{"line":95,"column":2},"end":{"line":96,"column":null}},{"start":{},"end":{}}],"line":95},"4":{"loc":{"start":{"line":103,"column":2},"end":{"line":104,"column":null}},"type":"if","locations":[{"start":{"line":103,"column":2},"end":{"line":104,"column":null}},{"start":{},"end":{}}],"line":103},"5":{"loc":{"start":{"line":111,"column":9},"end":{"line":111,"column":null}},"type":"binary-expr","locations":[{"start":{"line":111,"column":9},"end":{"line":111,"column":37}},{"start":{"line":111,"column":37},"end":{"line":111,"column":null}}],"line":111},"6":{"loc":{"start":{"line":119,"column":4},"end":{"line":121,"column":67}},"type":"cond-expr","locations":[{"start":{"line":120,"column":8},"end":{"line":120,"column":null}},{"start":{"line":121,"column":8},"end":{"line":121,"column":67}}],"line":119},"7":{"loc":{"start":{"line":123,"column":2},"end":{"line":124,"column":null}},"type":"if","locations":[{"start":{"line":123,"column":2},"end":{"line":124,"column":null}},{"start":{},"end":{}}],"line":123},"8":{"loc":{"start":{"line":144,"column":38},"end":{"line":144,"column":63}},"type":"binary-expr","locations":[{"start":{"line":144,"column":38},"end":{"line":144,"column":61}},{"start":{"line":144,"column":61},"end":{"line":144,"column":63}}],"line":144},"9":{"loc":{"start":{"line":152,"column":21},"end":{"line":152,"column":null}},"type":"binary-expr","locations":[{"start":{"line":152,"column":21},"end":{"line":152,"column":53}},{"start":{"line":152,"column":57},"end":{"line":152,"column":null}}],"line":152},"10":{"loc":{"start":{"line":169,"column":2},"end":{"line":178,"column":null}},"type":"if","locations":[{"start":{"line":169,"column":2},"end":{"line":178,"column":null}},{"start":{},"end":{}}],"line":169},"11":{"loc":{"start":{"line":169,"column":6},"end":{"line":169,"column":57}},"type":"binary-expr","locations":[{"start":{"line":169,"column":6},"end":{"line":169,"column":29}},{"start":{"line":169,"column":29},"end":{"line":169,"column":57}}],"line":169},"12":{"loc":{"start":{"line":174,"column":4},"end":{"line":178,"column":null}},"type":"if","locations":[{"start":{"line":174,"column":4},"end":{"line":178,"column":null}},{"start":{},"end":{}}],"line":174},"13":{"loc":{"start":{"line":176,"column":8},"end":{"line":178,"column":null}},"type":"cond-expr","locations":[{"start":{"line":177,"column":12},"end":{"line":177,"column":77}},{"start":{"line":178,"column":12},"end":{"line":178,"column":null}}],"line":176}},"s":{"0":2,"1":13,"2":6,"3":2,"4":0,"5":0,"6":2,"7":0,"8":0,"9":0,"10":0,"11":1,"12":2,"13":0,"14":3,"15":3,"16":3,"17":1,"18":2,"19":2,"20":4,"21":6,"22":4,"23":2,"24":4,"25":24,"26":14,"27":10,"28":13,"29":10,"30":3,"31":7,"32":10,"33":7,"34":19,"35":19,"36":16,"37":19,"38":4,"39":15,"40":19,"41":15,"42":15,"43":15,"44":9,"45":15,"46":19,"47":16,"48":16,"49":0,"50":0,"51":0,"52":0,"53":16},"f":{"0":2,"1":13,"2":3,"3":3,"4":4,"5":6,"6":4,"7":24,"8":13,"9":10,"10":19,"11":16,"12":19,"13":19,"14":16,"15":0},"b":{"0":[6,2,0,0,2,0,0,1,2,0],"1":[1,2],"2":[2,2],"3":[14,10],"4":[3,7],"5":[7,3],"6":[4,15],"7":[4,15],"8":[9,0],"9":[19,10],"10":[0,16],"11":[16,0],"12":[0,0],"13":[0,0]},"meta":{"lastBranch":14,"lastFunction":16,"lastStatement":54,"seen":{"f:21:9:21:24":0,"s:22:2:22:Infinity":0,"f:25:16:25:Infinity":1,"b:30:4:31:Infinity:32:4:33:Infinity:34:4:35:Infinity:36:4:37:Infinity:38:4:41:Infinity:42:4:45:Infinity:46:4:52:Infinity:55:4:56:Infinity:57:4:58:Infinity:59:4:60:Infinity":0,"s:29:2:60:Infinity":1,"s:31:6:31:Infinity":2,"s:33:6:33:Infinity":3,"s:35:6:35:Infinity":4,"s:37:6:37:Infinity":5,"s:39:6:41:Infinity":6,"s:43:6:45:Infinity":7,"s:47:6:52:Infinity":8,"s:48:8:50:Infinity":9,"s:52:8:52:Infinity":10,"s:56:6:56:Infinity":11,"s:58:6:58:Infinity":12,"s:60:6:60:Infinity":13,"f:64:22:64:Infinity":2,"s:68:28:69:Infinity":14,"f:68:39:68:Infinity":3,"s:69:50:69:Infinity":15,"b:72:2:73:Infinity:undefined:undefined:undefined:undefined":1,"s:72:2:73:Infinity":16,"s:73:4:73:Infinity":17,"s:76:22:76:44":18,"s:78:27:86:Infinity":19,"f:78:39:78:46":4,"s:79:20:80:Infinity":20,"f:79:38:79:42":5,"s:80:6:80:49":21,"s:83:4:85:Infinity":22,"b:84:8:84:29:85:8:85:30":2,"s:88:2:88:Infinity":23,"f:88:26:88:30":6,"s:88:41:88:52":24,"f:91:16:91:Infinity":7,"b:95:2:96:Infinity:undefined:undefined:undefined:undefined":3,"s:95:2:96:Infinity":25,"s:96:4:96:Infinity":26,"s:99:28:100:Infinity":27,"f:99:39:99:Infinity":8,"s:100:17:100:Infinity":28,"b:103:2:104:Infinity:undefined:undefined:undefined:undefined":4,"s:103:2:104:Infinity":29,"s:104:4:104:Infinity":30,"s:107:34:108:Infinity":31,"f:107:45:107:Infinity":9,"s:108:17:108:Infinity":32,"s:111:2:111:Infinity":33,"b:111:9:111:37:111:37:111:Infinity":5,"f:114:22:114:Infinity":10,"s:117:19:117:41":34,"s:119:4:121:67":35,"b:120:8:120:Infinity:121:8:121:67":6,"f:121:17:121:24":11,"s:121:35:121:66":36,"b:123:2:124:Infinity:undefined:undefined:undefined:undefined":7,"s:123:2:124:Infinity":37,"s:124:4:124:Infinity":38,"s:127:14:127:57":39,"f:127:31:127:35":12,"s:127:46:127:57":40,"s:128:32:136:Infinity":41,"s:139:27:139:52":42,"s:140:2:144:Infinity":43,"s:144:4:144:Infinity":44,"b:144:38:144:61:144:61:144:63":8,"s:147:2:153:Infinity":45,"f:147:26:147:30":13,"s:147:42:153:5":46,"b:152:21:152:53:152:57:152:Infinity":9,"f:156:22:156:46":14,"s:167:27:167:Infinity":47,"b:169:2:178:Infinity:undefined:undefined:undefined:undefined":10,"s:169:2:178:Infinity":48,"b:169:6:169:29:169:29:169:57":11,"s:170:32:172:Infinity":49,"b:174:4:178:Infinity:undefined:undefined:undefined:undefined":12,"s:174:4:178:Infinity":50,"s:175:6:178:Infinity":51,"b:177:12:177:77:178:12:178:Infinity":13,"f:177:31:177:38":15,"s:177:44:177:76":52,"s:182:2:182:Infinity":53},"fnNames":{}}}
,"C:\\Users\\Usuario\\UNSA2026\\PruebasS\\actual_testing\\packages\\loot-core\\src\\server\\forecast\\forecast-filters.ts": {"path":"C:\\Users\\Usuario\\UNSA2026\\PruebasS\\actual_testing\\packages\\loot-core\\src\\server\\forecast\\forecast-filters.ts","statementMap":{"0":{"start":{"line":51,"column":31},"end":{"line":51,"column":null}},"1":{"start":{"line":52,"column":8},"end":{"line":52,"column":77}},"2":{"start":{"line":52,"column":60},"end":{"line":52,"column":77}},"3":{"start":{"line":53,"column":10},"end":{"line":53,"column":54}},"4":{"start":{"line":55,"column":2},"end":{"line":73,"column":null}},"5":{"start":{"line":60,"column":10},"end":{"line":62,"column":16}},"6":{"start":{"line":80,"column":6},"end":{"line":83,"column":34}},"7":{"start":{"line":85,"column":2},"end":{"line":90,"column":null}},"8":{"start":{"line":86,"column":4},"end":{"line":87,"column":null}},"9":{"start":{"line":87,"column":6},"end":{"line":87,"column":null}},"10":{"start":{"line":90,"column":4},"end":{"line":90,"column":null}},"11":{"start":{"line":93,"column":2},"end":{"line":94,"column":null}},"12":{"start":{"line":94,"column":4},"end":{"line":94,"column":null}},"13":{"start":{"line":97,"column":19},"end":{"line":97,"column":40}},"14":{"start":{"line":98,"column":2},"end":{"line":98,"column":null}},"15":{"start":{"line":102,"column":2},"end":{"line":102,"column":null}},"16":{"start":{"line":109,"column":2},"end":{"line":115,"column":null}},"17":{"start":{"line":110,"column":4},"end":{"line":111,"column":null}},"18":{"start":{"line":111,"column":6},"end":{"line":111,"column":null}},"19":{"start":{"line":114,"column":4},"end":{"line":114,"column":null}},"20":{"start":{"line":119,"column":2},"end":{"line":124,"column":null}},"21":{"start":{"line":124,"column":4},"end":{"line":124,"column":null}},"22":{"start":{"line":127,"column":2},"end":{"line":127,"column":null}},"23":{"start":{"line":132,"column":12},"end":{"line":132,"column":44}},"24":{"start":{"line":133,"column":2},"end":{"line":134,"column":null}},"25":{"start":{"line":134,"column":4},"end":{"line":134,"column":null}},"26":{"start":{"line":137,"column":2},"end":{"line":138,"column":null}},"27":{"start":{"line":138,"column":4},"end":{"line":138,"column":null}},"28":{"start":{"line":141,"column":2},"end":{"line":141,"column":null}},"29":{"start":{"line":145,"column":2},"end":{"line":146,"column":null}},"30":{"start":{"line":146,"column":4},"end":{"line":146,"column":null}},"31":{"start":{"line":149,"column":2},"end":{"line":150,"column":null}},"32":{"start":{"line":150,"column":4},"end":{"line":150,"column":null}},"33":{"start":{"line":153,"column":2},"end":{"line":153,"column":null}},"34":{"start":{"line":157,"column":16},"end":{"line":157,"column":null}},"35":{"start":{"line":158,"column":2},"end":{"line":158,"column":null}},"36":{"start":{"line":162,"column":2},"end":{"line":163,"column":null}},"37":{"start":{"line":163,"column":4},"end":{"line":163,"column":null}},"38":{"start":{"line":163,"column":32},"end":{"line":163,"column":65}},"39":{"start":{"line":166,"column":2},"end":{"line":167,"column":null}},"40":{"start":{"line":167,"column":4},"end":{"line":167,"column":null}},"41":{"start":{"line":170,"column":22},"end":{"line":170,"column":null}},"42":{"start":{"line":171,"column":20},"end":{"line":171,"column":null}},"43":{"start":{"line":172,"column":33},"end":{"line":172,"column":71}},"44":{"start":{"line":174,"column":2},"end":{"line":263,"column":null}},"45":{"start":{"line":175,"column":23},"end":{"line":175,"column":44}},"46":{"start":{"line":177,"column":36},"end":{"line":178,"column":null}},"47":{"start":{"line":181,"column":6},"end":{"line":261,"column":null}},"48":{"start":{"line":183,"column":10},"end":{"line":186,"column":null}},"49":{"start":{"line":188,"column":10},"end":{"line":191,"column":null}},"50":{"start":{"line":193,"column":10},"end":{"line":199,"column":null}},"51":{"start":{"line":202,"column":10},"end":{"line":208,"column":null}},"52":{"start":{"line":211,"column":10},"end":{"line":217,"column":null}},"53":{"start":{"line":220,"column":10},"end":{"line":226,"column":null}},"54":{"start":{"line":229,"column":10},"end":{"line":233,"column":null}},"55":{"start":{"line":232,"column":14},"end":{"line":232,"column":78}},"56":{"start":{"line":236,"column":10},"end":{"line":239,"column":null}},"57":{"start":{"line":242,"column":10},"end":{"line":245,"column":null}},"58":{"start":{"line":248,"column":10},"end":{"line":252,"column":null}},"59":{"start":{"line":252,"column":12},"end":{"line":252,"column":null}},"60":{"start":{"line":255,"column":10},"end":{"line":258,"column":null}},"61":{"start":{"line":256,"column":12},"end":{"line":256,"column":null}},"62":{"start":{"line":258,"column":12},"end":{"line":258,"column":null}},"63":{"start":{"line":261,"column":10},"end":{"line":261,"column":null}},"64":{"start":{"line":270,"column":2},"end":{"line":276,"column":null}},"65":{"start":{"line":271,"column":20},"end":{"line":271,"column":null}},"66":{"start":{"line":272,"column":4},"end":{"line":276,"column":null}},"67":{"start":{"line":274,"column":10},"end":{"line":274,"column":69}},"68":{"start":{"line":279,"column":2},"end":{"line":285,"column":null}},"69":{"start":{"line":280,"column":20},"end":{"line":280,"column":null}},"70":{"start":{"line":281,"column":4},"end":{"line":285,"column":null}},"71":{"start":{"line":283,"column":10},"end":{"line":283,"column":69}},"72":{"start":{"line":288,"column":2},"end":{"line":300,"column":null}},"73":{"start":{"line":289,"column":23},"end":{"line":289,"column":52}},"74":{"start":{"line":291,"column":4},"end":{"line":292,"column":null}},"75":{"start":{"line":292,"column":6},"end":{"line":292,"column":null}},"76":{"start":{"line":292,"column":35},"end":{"line":292,"column":69}},"77":{"start":{"line":295,"column":4},"end":{"line":296,"column":null}},"78":{"start":{"line":296,"column":6},"end":{"line":296,"column":null}},"79":{"start":{"line":299,"column":4},"end":{"line":299,"column":null}},"80":{"start":{"line":307,"column":2},"end":{"line":308,"column":null}},"81":{"start":{"line":308,"column":4},"end":{"line":308,"column":null}},"82":{"start":{"line":311,"column":17},"end":{"line":311,"column":null}},"83":{"start":{"line":312,"column":2},"end":{"line":314,"column":null}},"84":{"start":{"line":313,"column":4},"end":{"line":313,"column":69}},"85":{"start":{"line":321,"column":19},"end":{"line":322,"column":null}},"86":{"start":{"line":322,"column":43},"end":{"line":322,"column":69}},"87":{"start":{"line":324,"column":22},"end":{"line":325,"column":null}},"88":{"start":{"line":325,"column":43},"end":{"line":325,"column":75}},"89":{"start":{"line":328,"column":51},"end":{"line":343,"column":4}},"90":{"start":{"line":345,"column":27},"end":{"line":350,"column":null}},"91":{"start":{"line":348,"column":8},"end":{"line":348,"column":46}},"92":{"start":{"line":354,"column":4},"end":{"line":360,"column":20}},"93":{"start":{"line":362,"column":21},"end":{"line":363,"column":null}},"94":{"start":{"line":363,"column":49},"end":{"line":363,"column":66}},"95":{"start":{"line":365,"column":29},"end":{"line":369,"column":null}},"96":{"start":{"line":366,"column":65},"end":{"line":368,"column":null}},"97":{"start":{"line":371,"column":25},"end":{"line":383,"column":null}},"98":{"start":{"line":374,"column":22},"end":{"line":382,"column":null}},"99":{"start":{"line":386,"column":2},"end":{"line":408,"column":null}},"100":{"start":{"line":387,"column":36},"end":{"line":406,"column":null}}},"fnMap":{"0":{"name":"buildFilterInfo","decl":{"start":{"line":47,"column":16},"end":{"line":47,"column":null}},"loc":{"start":{"line":50,"column":2},"end":{"line":73,"column":null}},"line":50},"1":{"name":"(anonymous_1)","decl":{"start":{"line":52,"column":45},"end":{"line":52,"column":52}},"loc":{"start":{"line":52,"column":60},"end":{"line":52,"column":77}},"line":52},"2":{"name":"(anonymous_2)","decl":{"start":{"line":59,"column":27},"end":{"line":59,"column":35}},"loc":{"start":{"line":60,"column":10},"end":{"line":62,"column":16}},"line":60},"3":{"name":"getTransactions","decl":{"start":{"line":76,"column":22},"end":{"line":76,"column":null}},"loc":{"start":{"line":79,"column":2},"end":{"line":98,"column":null}},"line":79},"4":{"name":"escapeRegex","decl":{"start":{"line":101,"column":9},"end":{"line":101,"column":21}},"loc":{"start":{"line":101,"column":36},"end":{"line":102,"column":null}},"line":101},"5":{"name":"getValueByPath","decl":{"start":{"line":105,"column":9},"end":{"line":105,"column":null}},"loc":{"start":{"line":108,"column":11},"end":{"line":115,"column":null}},"line":108},"6":{"name":"(anonymous_6)","decl":{"start":{"line":109,"column":25},"end":{"line":109,"column":42}},"loc":{"start":{"line":109,"column":59},"end":{"line":115,"column":12}},"line":109},"7":{"name":"normalizeComparisonValue","decl":{"start":{"line":118,"column":9},"end":{"line":118,"column":34}},"loc":{"start":{"line":118,"column":50},"end":{"line":127,"column":null}},"line":118},"8":{"name":"equalComparableFilterValues","decl":{"start":{"line":131,"column":9},"end":{"line":131,"column":37}},"loc":{"start":{"line":131,"column":73},"end":{"line":141,"column":null}},"line":131},"9":{"name":"applyTransform","decl":{"start":{"line":144,"column":9},"end":{"line":144,"column":24}},"loc":{"start":{"line":144,"column":60},"end":{"line":153,"column":null}},"line":144},"10":{"name":"likeToRegex","decl":{"start":{"line":156,"column":9},"end":{"line":156,"column":21}},"loc":{"start":{"line":156,"column":38},"end":{"line":158,"column":null}},"line":156},"11":{"name":"evaluateClause","decl":{"start":{"line":161,"column":9},"end":{"line":161,"column":24}},"loc":{"start":{"line":161,"column":72},"end":{"line":263,"column":null}},"line":161},"12":{"name":"(anonymous_12)","decl":{"start":{"line":163,"column":18},"end":{"line":163,"column":24}},"loc":{"start":{"line":163,"column":32},"end":{"line":163,"column":65}},"line":163},"13":{"name":"(anonymous_13)","decl":{"start":{"line":175,"column":5},"end":{"line":175,"column":13}},"loc":{"start":{"line":175,"column":23},"end":{"line":175,"column":44}},"line":175},"14":{"name":"(anonymous_14)","decl":{"start":{"line":176,"column":5},"end":{"line":176,"column":12}},"loc":{"start":{"line":176,"column":42},"end":{"line":263,"column":null}},"line":176},"15":{"name":"(anonymous_15)","decl":{"start":{"line":231,"column":26},"end":{"line":231,"column":31}},"loc":{"start":{"line":232,"column":14},"end":{"line":232,"column":78}},"line":232},"16":{"name":"matchesAQLFilter","decl":{"start":{"line":266,"column":16},"end":{"line":266,"column":null}},"loc":{"start":{"line":269,"column":11},"end":{"line":300,"column":null}},"line":269},"17":{"name":"(anonymous_17)","decl":{"start":{"line":273,"column":16},"end":{"line":273,"column":22}},"loc":{"start":{"line":274,"column":10},"end":{"line":274,"column":69}},"line":274},"18":{"name":"(anonymous_18)","decl":{"start":{"line":282,"column":16},"end":{"line":282,"column":21}},"loc":{"start":{"line":283,"column":10},"end":{"line":283,"column":69}},"line":283},"19":{"name":"(anonymous_19)","decl":{"start":{"line":288,"column":32},"end":{"line":288,"column":39}},"loc":{"start":{"line":288,"column":58},"end":{"line":300,"column":null}},"line":288},"20":{"name":"(anonymous_20)","decl":{"start":{"line":292,"column":19},"end":{"line":292,"column":25}},"loc":{"start":{"line":292,"column":35},"end":{"line":292,"column":69}},"line":292},"21":{"name":"matchesForecastFilters","decl":{"start":{"line":303,"column":16},"end":{"line":303,"column":null}},"loc":{"start":{"line":306,"column":2},"end":{"line":314,"column":null}},"line":306},"22":{"name":"(anonymous_22)","decl":{"start":{"line":312,"column":28},"end":{"line":312,"column":36}},"loc":{"start":{"line":313,"column":4},"end":{"line":313,"column":69}},"line":313},"23":{"name":"enrichForecastFilterObjects","decl":{"start":{"line":317,"column":22},"end":{"line":317,"column":null}},"loc":{"start":{"line":320,"column":2},"end":{"line":408,"column":null}},"line":320},"24":{"name":"(anonymous_24)","decl":{"start":{"line":322,"column":28},"end":{"line":322,"column":36}},"loc":{"start":{"line":322,"column":43},"end":{"line":322,"column":69}},"line":322},"25":{"name":"(anonymous_25)","decl":{"start":{"line":325,"column":28},"end":{"line":325,"column":36}},"loc":{"start":{"line":325,"column":43},"end":{"line":325,"column":75}},"line":325},"26":{"name":"(anonymous_26)","decl":{"start":{"line":347,"column":54},"end":{"line":347,"column":62}},"loc":{"start":{"line":348,"column":8},"end":{"line":348,"column":46}},"line":348},"27":{"name":"(anonymous_27)","decl":{"start":{"line":363,"column":36},"end":{"line":363,"column":40}},"loc":{"start":{"line":363,"column":49},"end":{"line":363,"column":66}},"line":363},"28":{"name":"(anonymous_28)","decl":{"start":{"line":366,"column":52},"end":{"line":366,"column":56}},"loc":{"start":{"line":366,"column":65},"end":{"line":368,"column":null}},"line":366},"29":{"name":"(anonymous_29)","decl":{"start":{"line":374,"column":6},"end":{"line":374,"column":10}},"loc":{"start":{"line":374,"column":22},"end":{"line":382,"column":null}},"line":374},"30":{"name":"(anonymous_30)","decl":{"start":{"line":387,"column":17},"end":{"line":387,"column":21}},"loc":{"start":{"line":387,"column":36},"end":{"line":406,"column":null}},"line":387}},"branchMap":{"0":{"loc":{"start":{"line":51,"column":31},"end":{"line":51,"column":null}},"type":"binary-expr","locations":[{"start":{"line":51,"column":31},"end":{"line":51,"column":47}},{"start":{"line":51,"column":47},"end":{"line":51,"column":null}}],"line":51},"1":{"loc":{"start":{"line":52,"column":27},"end":{"line":52,"column":43}},"type":"binary-expr","locations":[{"start":{"line":52,"column":27},"end":{"line":52,"column":41}},{"start":{"line":52,"column":41},"end":{"line":52,"column":43}}],"line":52},"2":{"loc":{"start":{"line":60,"column":10},"end":{"line":62,"column":16}},"type":"cond-expr","locations":[{"start":{"line":61,"column":14},"end":{"line":61,"column":64}},{"start":{"line":62,"column":14},"end":{"line":62,"column":16}}],"line":60},"3":{"loc":{"start":{"line":65,"column":23},"end":{"line":65,"column":null}},"type":"cond-expr","locations":[{"start":{"line":65,"column":55},"end":{"line":65,"column":63}},{"start":{"line":65,"column":63},"end":{"line":65,"column":null}}],"line":65},"4":{"loc":{"start":{"line":85,"column":2},"end":{"line":90,"column":null}},"type":"if","locations":[{"start":{"line":85,"column":2},"end":{"line":90,"column":null}},{"start":{},"end":{}}],"line":85},"5":{"loc":{"start":{"line":86,"column":4},"end":{"line":87,"column":null}},"type":"if","locations":[{"start":{"line":86,"column":4},"end":{"line":87,"column":null}},{"start":{},"end":{}}],"line":86},"6":{"loc":{"start":{"line":93,"column":2},"end":{"line":94,"column":null}},"type":"if","locations":[{"start":{"line":93,"column":2},"end":{"line":94,"column":null}},{"start":{},"end":{}}],"line":93},"7":{"loc":{"start":{"line":110,"column":4},"end":{"line":111,"column":null}},"type":"if","locations":[{"start":{"line":110,"column":4},"end":{"line":111,"column":null}},{"start":{},"end":{}}],"line":110},"8":{"loc":{"start":{"line":110,"column":8},"end":{"line":110,"column":56}},"type":"binary-expr","locations":[{"start":{"line":110,"column":8},"end":{"line":110,"column":27}},{"start":{"line":110,"column":27},"end":{"line":110,"column":56}}],"line":110},"9":{"loc":{"start":{"line":119,"column":2},"end":{"line":124,"column":null}},"type":"if","locations":[{"start":{"line":119,"column":2},"end":{"line":124,"column":null}},{"start":{},"end":{}}],"line":119},"10":{"loc":{"start":{"line":120,"column":4},"end":{"line":122,"column":null}},"type":"binary-expr","locations":[{"start":{"line":120,"column":4},"end":{"line":120,"column":null}},{"start":{"line":121,"column":4},"end":{"line":121,"column":null}},{"start":{"line":122,"column":4},"end":{"line":122,"column":null}}],"line":120},"11":{"loc":{"start":{"line":133,"column":2},"end":{"line":134,"column":null}},"type":"if","locations":[{"start":{"line":133,"column":2},"end":{"line":134,"column":null}},{"start":{},"end":{}}],"line":133},"12":{"loc":{"start":{"line":137,"column":2},"end":{"line":138,"column":null}},"type":"if","locations":[{"start":{"line":137,"column":2},"end":{"line":138,"column":null}},{"start":{},"end":{}}],"line":137},"13":{"loc":{"start":{"line":137,"column":6},"end":{"line":137,"column":61}},"type":"binary-expr","locations":[{"start":{"line":137,"column":6},"end":{"line":137,"column":40}},{"start":{"line":137,"column":40},"end":{"line":137,"column":51}},{"start":{"line":137,"column":51},"end":{"line":137,"column":61}}],"line":137},"14":{"loc":{"start":{"line":138,"column":12},"end":{"line":138,"column":null}},"type":"binary-expr","locations":[{"start":{"line":138,"column":12},"end":{"line":138,"column":34}},{"start":{"line":138,"column":34},"end":{"line":138,"column":47}},{"start":{"line":138,"column":47},"end":{"line":138,"column":68}},{"start":{"line":138,"column":68},"end":{"line":138,"column":null}}],"line":138},"15":{"loc":{"start":{"line":145,"column":2},"end":{"line":146,"column":null}},"type":"if","locations":[{"start":{"line":145,"column":2},"end":{"line":146,"column":null}},{"start":{},"end":{}}],"line":145},"16":{"loc":{"start":{"line":145,"column":6},"end":{"line":145,"column":59}},"type":"binary-expr","locations":[{"start":{"line":145,"column":6},"end":{"line":145,"column":32}},{"start":{"line":145,"column":32},"end":{"line":145,"column":59}}],"line":145},"17":{"loc":{"start":{"line":149,"column":2},"end":{"line":150,"column":null}},"type":"if","locations":[{"start":{"line":149,"column":2},"end":{"line":150,"column":null}},{"start":{},"end":{}}],"line":149},"18":{"loc":{"start":{"line":149,"column":6},"end":{"line":149,"column":57}},"type":"binary-expr","locations":[{"start":{"line":149,"column":6},"end":{"line":149,"column":30}},{"start":{"line":149,"column":30},"end":{"line":149,"column":57}}],"line":149},"19":{"loc":{"start":{"line":162,"column":2},"end":{"line":163,"column":null}},"type":"if","locations":[{"start":{"line":162,"column":2},"end":{"line":163,"column":null}},{"start":{},"end":{}}],"line":162},"20":{"loc":{"start":{"line":166,"column":2},"end":{"line":167,"column":null}},"type":"if","locations":[{"start":{"line":166,"column":2},"end":{"line":167,"column":null}},{"start":{},"end":{}}],"line":166},"21":{"loc":{"start":{"line":166,"column":6},"end":{"line":166,"column":52}},"type":"binary-expr","locations":[{"start":{"line":166,"column":6},"end":{"line":166,"column":24}},{"start":{"line":166,"column":24},"end":{"line":166,"column":52}}],"line":166},"22":{"loc":{"start":{"line":181,"column":6},"end":{"line":261,"column":null}},"type":"switch","locations":[{"start":{"line":182,"column":8},"end":{"line":186,"column":null}},{"start":{"line":187,"column":8},"end":{"line":191,"column":null}},{"start":{"line":192,"column":8},"end":{"line":199,"column":null}},{"start":{"line":201,"column":8},"end":{"line":208,"column":null}},{"start":{"line":210,"column":8},"end":{"line":217,"column":null}},{"start":{"line":219,"column":8},"end":{"line":226,"column":null}},{"start":{"line":228,"column":8},"end":{"line":233,"column":null}},{"start":{"line":235,"column":8},"end":{"line":239,"column":null}},{"start":{"line":241,"column":8},"end":{"line":245,"column":null}},{"start":{"line":247,"column":8},"end":{"line":258,"column":null}},{"start":{"line":260,"column":8},"end":{"line":261,"column":null}}],"line":181},"23":{"loc":{"start":{"line":194,"column":12},"end":{"line":199,"column":null}},"type":"binary-expr","locations":[{"start":{"line":194,"column":12},"end":{"line":194,"column":null}},{"start":{"line":195,"column":13},"end":{"line":195,"column":null}},{"start":{"line":196,"column":14},"end":{"line":196,"column":null}},{"start":{"line":197,"column":13},"end":{"line":197,"column":null}},{"start":{"line":198,"column":14},"end":{"line":198,"column":null}},{"start":{"line":199,"column":12},"end":{"line":199,"column":null}}],"line":194},"24":{"loc":{"start":{"line":203,"column":12},"end":{"line":208,"column":null}},"type":"binary-expr","locations":[{"start":{"line":203,"column":12},"end":{"line":203,"column":null}},{"start":{"line":204,"column":13},"end":{"line":204,"column":null}},{"start":{"line":205,"column":14},"end":{"line":205,"column":null}},{"start":{"line":206,"column":13},"end":{"line":206,"column":null}},{"start":{"line":207,"column":14},"end":{"line":207,"column":null}},{"start":{"line":208,"column":12},"end":{"line":208,"column":null}}],"line":203},"25":{"loc":{"start":{"line":212,"column":12},"end":{"line":217,"column":null}},"type":"binary-expr","locations":[{"start":{"line":212,"column":12},"end":{"line":212,"column":null}},{"start":{"line":213,"column":13},"end":{"line":213,"column":null}},{"start":{"line":214,"column":14},"end":{"line":214,"column":null}},{"start":{"line":215,"column":13},"end":{"line":215,"column":null}},{"start":{"line":216,"column":14},"end":{"line":216,"column":null}},{"start":{"line":217,"column":12},"end":{"line":217,"column":null}}],"line":212},"26":{"loc":{"start":{"line":221,"column":12},"end":{"line":226,"column":null}},"type":"binary-expr","locations":[{"start":{"line":221,"column":12},"end":{"line":221,"column":null}},{"start":{"line":222,"column":13},"end":{"line":222,"column":null}},{"start":{"line":223,"column":14},"end":{"line":223,"column":null}},{"start":{"line":224,"column":13},"end":{"line":224,"column":null}},{"start":{"line":225,"column":14},"end":{"line":225,"column":null}},{"start":{"line":226,"column":12},"end":{"line":226,"column":null}}],"line":221},"27":{"loc":{"start":{"line":230,"column":12},"end":{"line":232,"column":null}},"type":"binary-expr","locations":[{"start":{"line":230,"column":12},"end":{"line":230,"column":40}},{"start":{"line":231,"column":12},"end":{"line":232,"column":null}}],"line":230},"28":{"loc":{"start":{"line":237,"column":12},"end":{"line":239,"column":66}},"type":"binary-expr","locations":[{"start":{"line":237,"column":12},"end":{"line":237,"column":null}},{"start":{"line":238,"column":12},"end":{"line":238,"column":null}},{"start":{"line":239,"column":12},"end":{"line":239,"column":66}}],"line":237},"29":{"loc":{"start":{"line":243,"column":12},"end":{"line":245,"column":67}},"type":"binary-expr","locations":[{"start":{"line":243,"column":12},"end":{"line":243,"column":null}},{"start":{"line":244,"column":12},"end":{"line":244,"column":null}},{"start":{"line":245,"column":12},"end":{"line":245,"column":67}}],"line":243},"30":{"loc":{"start":{"line":248,"column":10},"end":{"line":252,"column":null}},"type":"if","locations":[{"start":{"line":248,"column":10},"end":{"line":252,"column":null}},{"start":{},"end":{}}],"line":248},"31":{"loc":{"start":{"line":249,"column":12},"end":{"line":250,"column":null}},"type":"binary-expr","locations":[{"start":{"line":249,"column":12},"end":{"line":249,"column":null}},{"start":{"line":250,"column":12},"end":{"line":250,"column":null}}],"line":249},"32":{"loc":{"start":{"line":270,"column":2},"end":{"line":276,"column":null}},"type":"if","locations":[{"start":{"line":270,"column":2},"end":{"line":276,"column":null}},{"start":{},"end":{}}],"line":270},"33":{"loc":{"start":{"line":272,"column":11},"end":{"line":276,"column":null}},"type":"cond-expr","locations":[{"start":{"line":273,"column":8},"end":{"line":274,"column":null}},{"start":{"line":276,"column":8},"end":{"line":276,"column":null}}],"line":272},"34":{"loc":{"start":{"line":279,"column":2},"end":{"line":285,"column":null}},"type":"if","locations":[{"start":{"line":279,"column":2},"end":{"line":285,"column":null}},{"start":{},"end":{}}],"line":279},"35":{"loc":{"start":{"line":281,"column":11},"end":{"line":285,"column":null}},"type":"cond-expr","locations":[{"start":{"line":282,"column":8},"end":{"line":283,"column":null}},{"start":{"line":285,"column":8},"end":{"line":285,"column":null}}],"line":281},"36":{"loc":{"start":{"line":291,"column":4},"end":{"line":292,"column":null}},"type":"if","locations":[{"start":{"line":291,"column":4},"end":{"line":292,"column":null}},{"start":{},"end":{}}],"line":291},"37":{"loc":{"start":{"line":295,"column":4},"end":{"line":296,"column":null}},"type":"if","locations":[{"start":{"line":295,"column":4},"end":{"line":296,"column":null}},{"start":{},"end":{}}],"line":295},"38":{"loc":{"start":{"line":295,"column":8},"end":{"line":295,"column":52}},"type":"binary-expr","locations":[{"start":{"line":295,"column":8},"end":{"line":295,"column":25}},{"start":{"line":295,"column":25},"end":{"line":295,"column":52}}],"line":295},"39":{"loc":{"start":{"line":307,"column":2},"end":{"line":308,"column":null}},"type":"if","locations":[{"start":{"line":307,"column":2},"end":{"line":308,"column":null}},{"start":{},"end":{}}],"line":307},"40":{"loc":{"start":{"line":311,"column":17},"end":{"line":311,"column":null}},"type":"cond-expr","locations":[{"start":{"line":311,"column":56},"end":{"line":311,"column":65}},{"start":{"line":311,"column":65},"end":{"line":311,"column":null}}],"line":311},"41":{"loc":{"start":{"line":322,"column":43},"end":{"line":322,"column":69}},"type":"cond-expr","locations":[{"start":{"line":322,"column":54},"end":{"line":322,"column":64}},{"start":{"line":322,"column":67},"end":{"line":322,"column":69}}],"line":322},"42":{"loc":{"start":{"line":325,"column":43},"end":{"line":325,"column":75}},"type":"cond-expr","locations":[{"start":{"line":325,"column":57},"end":{"line":325,"column":70}},{"start":{"line":325,"column":73},"end":{"line":325,"column":75}}],"line":325},"43":{"loc":{"start":{"line":329,"column":4},"end":{"line":335,"column":37}},"type":"cond-expr","locations":[{"start":{"line":329,"column":22},"end":{"line":333,"column":null}},{"start":{"line":335,"column":8},"end":{"line":335,"column":37}}],"line":329},"44":{"loc":{"start":{"line":336,"column":4},"end":{"line":342,"column":37}},"type":"cond-expr","locations":[{"start":{"line":336,"column":25},"end":{"line":340,"column":null}},{"start":{"line":342,"column":8},"end":{"line":342,"column":37}}],"line":336},"45":{"loc":{"start":{"line":348,"column":8},"end":{"line":348,"column":46}},"type":"cond-expr","locations":[{"start":{"line":348,"column":25},"end":{"line":348,"column":41}},{"start":{"line":348,"column":44},"end":{"line":348,"column":46}}],"line":348},"46":{"loc":{"start":{"line":354,"column":4},"end":{"line":360,"column":20}},"type":"cond-expr","locations":[{"start":{"line":355,"column":8},"end":{"line":358,"column":null}},{"start":{"line":360,"column":8},"end":{"line":360,"column":20}}],"line":354},"47":{"loc":{"start":{"line":379,"column":15},"end":{"line":381,"column":null}},"type":"cond-expr","locations":[{"start":{"line":380,"column":13},"end":{"line":380,"column":null}},{"start":{"line":381,"column":12},"end":{"line":381,"column":null}}],"line":379},"48":{"loc":{"start":{"line":380,"column":13},"end":{"line":380,"column":null}},"type":"binary-expr","locations":[{"start":{"line":380,"column":13},"end":{"line":380,"column":51}},{"start":{"line":380,"column":55},"end":{"line":380,"column":null}}],"line":380},"49":{"loc":{"start":{"line":393,"column":15},"end":{"line":393,"column":null}},"type":"binary-expr","locations":[{"start":{"line":393,"column":15},"end":{"line":393,"column":36}},{"start":{"line":393,"column":36},"end":{"line":393,"column":null}}],"line":393},"50":{"loc":{"start":{"line":396,"column":21},"end":{"line":396,"column":null}},"type":"binary-expr","locations":[{"start":{"line":396,"column":21},"end":{"line":396,"column":48}},{"start":{"line":396,"column":48},"end":{"line":396,"column":null}}],"line":396},"51":{"loc":{"start":{"line":398,"column":24},"end":{"line":398,"column":null}},"type":"binary-expr","locations":[{"start":{"line":398,"column":24},"end":{"line":398,"column":54}},{"start":{"line":398,"column":54},"end":{"line":398,"column":null}}],"line":398},"52":{"loc":{"start":{"line":399,"column":17},"end":{"line":399,"column":null}},"type":"binary-expr","locations":[{"start":{"line":399,"column":17},"end":{"line":399,"column":54}},{"start":{"line":399,"column":58},"end":{"line":399,"column":null}}],"line":399},"53":{"loc":{"start":{"line":400,"column":15},"end":{"line":402,"column":null}},"type":"cond-expr","locations":[{"start":{"line":401,"column":13},"end":{"line":401,"column":null}},{"start":{"line":402,"column":12},"end":{"line":402,"column":null}}],"line":400},"54":{"loc":{"start":{"line":401,"column":13},"end":{"line":401,"column":null}},"type":"binary-expr","locations":[{"start":{"line":401,"column":13},"end":{"line":401,"column":46}},{"start":{"line":401,"column":50},"end":{"line":401,"column":null}}],"line":401},"55":{"loc":{"start":{"line":403,"column":18},"end":{"line":405,"column":null}},"type":"cond-expr","locations":[{"start":{"line":404,"column":13},"end":{"line":404,"column":null}},{"start":{"line":405,"column":12},"end":{"line":405,"column":null}}],"line":403},"56":{"loc":{"start":{"line":404,"column":13},"end":{"line":404,"column":null}},"type":"binary-expr","locations":[{"start":{"line":404,"column":13},"end":{"line":404,"column":53}},{"start":{"line":404,"column":57},"end":{"line":404,"column":null}}],"line":404}},"s":{"0":21,"1":21,"2":10,"3":21,"4":21,"5":10,"6":13,"7":13,"8":13,"9":0,"10":13,"11":13,"12":4,"13":13,"14":13,"15":4,"16":45,"17":52,"18":3,"19":49,"20":66,"21":4,"22":62,"23":30,"24":30,"25":12,"26":18,"27":4,"28":14,"29":34,"30":0,"31":34,"32":0,"33":34,"34":4,"35":4,"36":34,"37":0,"38":0,"39":34,"40":0,"41":34,"42":34,"43":34,"44":34,"45":37,"46":36,"47":36,"48":9,"49":2,"50":3,"51":9,"52":2,"53":4,"54":3,"55":6,"56":2,"57":2,"58":0,"59":0,"60":0,"61":0,"62":0,"63":0,"64":51,"65":3,"66":3,"67":5,"68":48,"69":3,"70":3,"71":5,"72":45,"73":45,"74":45,"75":3,"76":5,"77":42,"78":29,"79":13,"80":15,"81":11,"82":4,"83":15,"84":4,"85":13,"86":19,"87":13,"88":19,"89":13,"90":13,"91":1,"92":13,"93":13,"94":4,"95":13,"96":1,"97":13,"98":1,"99":13,"100":19},"f":{"0":21,"1":10,"2":10,"3":13,"4":4,"5":45,"6":52,"7":66,"8":30,"9":34,"10":4,"11":34,"12":0,"13":37,"14":36,"15":6,"16":51,"17":5,"18":5,"19":45,"20":5,"21":15,"22":4,"23":13,"24":19,"25":19,"26":1,"27":4,"28":1,"29":1,"30":19},"b":{"0":[21,16],"1":[21,13],"2":[0,10],"3":[3,18],"4":[13,0],"5":[0,13],"6":[4,9],"7":[3,49],"8":[52,49],"9":[4,62],"10":[66,63,4],"11":[12,18],"12":[4,14],"13":[18,5,3],"14":[4,3,2,1],"15":[0,34],"16":[34,0],"17":[0,34],"18":[34,0],"19":[0,34],"20":[0,34],"21":[34,34],"22":[9,2,3,9,2,4,3,2,2,0,0],"23":[3,3,0,3,0,3],"24":[9,9,0,9,0,9],"25":[2,2,0,2,0,2],"26":[4,4,0,4,0,4],"27":[3,3],"28":[2,2,2],"29":[2,2,2],"30":[0,0],"31":[0,0],"32":[3,48],"33":[3,0],"34":[3,45],"35":[3,0],"36":[3,42],"37":[29,13],"38":[42,42],"39":[11,4],"40":[0,4],"41":[8,11],"42":[2,17],"43":[3,10],"44":[1,12],"45":[1,0],"46":[1,12],"47":[1,0],"48":[1,0],"49":[19,19],"50":[19,7],"51":[19,19],"52":[19,4],"53":[8,11],"54":[8,0],"55":[2,17],"56":[2,0]},"meta":{"lastBranch":57,"lastFunction":31,"lastStatement":101,"seen":{"f:47:16:47:Infinity":0,"s:51:31:51:Infinity":0,"b:51:31:51:47:51:47:51:Infinity":0,"s:52:8:52:77":1,"b:52:27:52:41:52:41:52:43":1,"f:52:45:52:52":1,"s:52:60:52:77":2,"s:53:10:53:54":3,"s:55:2:73:Infinity":4,"f:59:27:59:35":2,"s:60:10:62:16":5,"b:61:14:61:64:62:14:62:16":2,"b:65:55:65:63:65:63:65:Infinity":3,"f:76:22:76:Infinity":3,"s:80:6:83:34":6,"b:85:2:90:Infinity:undefined:undefined:undefined:undefined":4,"s:85:2:90:Infinity":7,"b:86:4:87:Infinity:undefined:undefined:undefined:undefined":5,"s:86:4:87:Infinity":8,"s:87:6:87:Infinity":9,"s:90:4:90:Infinity":10,"b:93:2:94:Infinity:undefined:undefined:undefined:undefined":6,"s:93:2:94:Infinity":11,"s:94:4:94:Infinity":12,"s:97:19:97:40":13,"s:98:2:98:Infinity":14,"f:101:9:101:21":4,"s:102:2:102:Infinity":15,"f:105:9:105:Infinity":5,"s:109:2:115:Infinity":16,"f:109:25:109:42":6,"b:110:4:111:Infinity:undefined:undefined:undefined:undefined":7,"s:110:4:111:Infinity":17,"b:110:8:110:27:110:27:110:56":8,"s:111:6:111:Infinity":18,"s:114:4:114:Infinity":19,"f:118:9:118:34":7,"b:119:2:124:Infinity:undefined:undefined:undefined:undefined":9,"s:119:2:124:Infinity":20,"b:120:4:120:Infinity:121:4:121:Infinity:122:4:122:Infinity":10,"s:124:4:124:Infinity":21,"s:127:2:127:Infinity":22,"f:131:9:131:37":8,"s:132:12:132:44":23,"b:133:2:134:Infinity:undefined:undefined:undefined:undefined":11,"s:133:2:134:Infinity":24,"s:134:4:134:Infinity":25,"b:137:2:138:Infinity:undefined:undefined:undefined:undefined":12,"s:137:2:138:Infinity":26,"b:137:6:137:40:137:40:137:51:137:51:137:61":13,"s:138:4:138:Infinity":27,"b:138:12:138:34:138:34:138:47:138:47:138:68:138:68:138:Infinity":14,"s:141:2:141:Infinity":28,"f:144:9:144:24":9,"b:145:2:146:Infinity:undefined:undefined:undefined:undefined":15,"s:145:2:146:Infinity":29,"b:145:6:145:32:145:32:145:59":16,"s:146:4:146:Infinity":30,"b:149:2:150:Infinity:undefined:undefined:undefined:undefined":17,"s:149:2:150:Infinity":31,"b:149:6:149:30:149:30:149:57":18,"s:150:4:150:Infinity":32,"s:153:2:153:Infinity":33,"f:156:9:156:21":10,"s:157:16:157:Infinity":34,"s:158:2:158:Infinity":35,"f:161:9:161:24":11,"b:162:2:163:Infinity:undefined:undefined:undefined:undefined":19,"s:162:2:163:Infinity":36,"s:163:4:163:Infinity":37,"f:163:18:163:24":12,"s:163:32:163:65":38,"b:166:2:167:Infinity:undefined:undefined:undefined:undefined":20,"s:166:2:167:Infinity":39,"b:166:6:166:24:166:24:166:52":21,"s:167:4:167:Infinity":40,"s:170:22:170:Infinity":41,"s:171:20:171:Infinity":42,"s:172:33:172:71":43,"s:174:2:263:Infinity":44,"f:175:5:175:13":13,"s:175:23:175:44":45,"f:176:5:176:12":14,"s:177:36:178:Infinity":46,"b:182:8:186:Infinity:187:8:191:Infinity:192:8:199:Infinity:201:8:208:Infinity:210:8:217:Infinity:219:8:226:Infinity:228:8:233:Infinity:235:8:239:Infinity:241:8:245:Infinity:247:8:258:Infinity:260:8:261:Infinity":22,"s:181:6:261:Infinity":47,"s:183:10:186:Infinity":48,"s:188:10:191:Infinity":49,"s:193:10:199:I
[...]
ll}},{"start":{},"end":{}}],"line":125},"2":{"loc":{"start":{"line":148,"column":6},"end":{"line":149,"column":null}},"type":"if","locations":[{"start":{"line":148,"column":6},"end":{"line":149,"column":null}},{"start":{},"end":{}}],"line":148},"3":{"loc":{"start":{"line":154,"column":18},"end":{"line":154,"column":27}},"type":"default-arg","locations":[{"start":{"line":154,"column":24},"end":{"line":154,"column":27}}],"line":154},"4":{"loc":{"start":{"line":165,"column":8},"end":{"line":185,"column":null}},"type":"if","locations":[{"start":{"line":165,"column":8},"end":{"line":185,"column":null}},{"start":{"line":177,"column":19},"end":{"line":185,"column":null}}],"line":165},"5":{"loc":{"start":{"line":172,"column":10},"end":{"line":175,"column":null}},"type":"if","locations":[{"start":{"line":172,"column":10},"end":{"line":175,"column":null}},{"start":{},"end":{}}],"line":172},"6":{"loc":{"start":{"line":177,"column":19},"end":{"line":185,"column":null}},"type":"if","locations":[{"start":{"line":177,"column":19},"end":{"line":185,"column":null}},{"start":{"line":183,"column":15},"end":{"line":185,"column":null}}],"line":177},"7":{"loc":{"start":{"line":195,"column":6},"end":{"line":212,"column":null}},"type":"if","locations":[{"start":{"line":195,"column":6},"end":{"line":212,"column":null}},{"start":{"line":211,"column":13},"end":{"line":212,"column":null}}],"line":195},"8":{"loc":{"start":{"line":220,"column":4},"end":{"line":230,"column":null}},"type":"if","locations":[{"start":{"line":220,"column":4},"end":{"line":230,"column":null}},{"start":{},"end":{}}],"line":220},"9":{"loc":{"start":{"line":224,"column":6},"end":{"line":225,"column":null}},"type":"if","locations":[{"start":{"line":224,"column":6},"end":{"line":225,"column":null}},{"start":{},"end":{}}],"line":224},"10":{"loc":{"start":{"line":235,"column":4},"end":{"line":237,"column":null}},"type":"if","locations":[{"start":{"line":235,"column":4},"end":{"line":237,"column":null}},{"start":{},"end":{}}],"line":235},"11":{"loc":{"start":{"line":236,"column":6},"end":{"line":237,"column":null}},"type":"if","locations":[{"start":{"line":236,"column":6},"end":{"line":237,"column":null}},{"start":{},"end":{}}],"line":236},"12":{"loc":{"start":{"line":243,"column":4},"end":{"line":244,"column":null}},"type":"if","locations":[{"start":{"line":243,"column":4},"end":{"line":244,"column":null}},{"start":{},"end":{}}],"line":243},"13":{"loc":{"start":{"line":256,"column":26},"end":{"line":256,"column":null}},"type":"binary-expr","locations":[{"start":{"line":256,"column":26},"end":{"line":256,"column":42}},{"start":{"line":256,"column":42},"end":{"line":256,"column":null}}],"line":256},"14":{"loc":{"start":{"line":257,"column":4},"end":{"line":258,"column":null}},"type":"if","locations":[{"start":{"line":257,"column":4},"end":{"line":258,"column":null}},{"start":{},"end":{}}],"line":257},"15":{"loc":{"start":{"line":268,"column":4},"end":{"line":271,"column":null}},"type":"if","locations":[{"start":{"line":268,"column":4},"end":{"line":271,"column":null}},{"start":{},"end":{}}],"line":268},"16":{"loc":{"start":{"line":274,"column":4},"end":{"line":276,"column":null}},"type":"if","locations":[{"start":{"line":274,"column":4},"end":{"line":276,"column":null}},{"start":{},"end":{}}],"line":274},"17":{"loc":{"start":{"line":274,"column":8},"end":{"line":274,"column":57}},"type":"binary-expr","locations":[{"start":{"line":274,"column":8},"end":{"line":274,"column":25}},{"start":{"line":274,"column":25},"end":{"line":274,"column":57}}],"line":274},"18":{"loc":{"start":{"line":310,"column":4},"end":{"line":311,"column":null}},"type":"if","locations":[{"start":{"line":310,"column":4},"end":{"line":311,"column":null}},{"start":{},"end":{}}],"line":310},"19":{"loc":{"start":{"line":358,"column":4},"end":{"line":369,"column":null}},"type":"if","locations":[{"start":{"line":358,"column":4},"end":{"line":369,"column":null}},{"start":{},"end":{}}],"line":358},"20":{"loc":{"start":{"line":380,"column":4},"end":{"line":381,"column":null}},"type":"if","locations":[{"start":{"line":380,"column":4},"end":{"line":381,"column":null}},{"start":{},"end":{}}],"line":380},"21":{"loc":{"start":{"line":389,"column":6},"end":{"line":389,"column":23}},"type":"default-arg","locations":[{"start":{"line":389,"column":21},"end":{"line":389,"column":23}}],"line":389},"22":{"loc":{"start":{"line":392,"column":6},"end":{"line":392,"column":null}},"type":"default-arg","locations":[{"start":{"line":392,"column":16},"end":{"line":392,"column":null}}],"line":392},"23":{"loc":{"start":{"line":403,"column":4},"end":{"line":405,"column":null}},"type":"if","locations":[{"start":{"line":403,"column":4},"end":{"line":405,"column":null}},{"start":{},"end":{}}],"line":403},"24":{"loc":{"start":{"line":413,"column":6},"end":{"line":416,"column":null}},"type":"if","locations":[{"start":{"line":413,"column":6},"end":{"line":416,"column":null}},{"start":{"line":415,"column":13},"end":{"line":416,"column":null}}],"line":413},"25":{"loc":{"start":{"line":430,"column":4},"end":{"line":434,"column":null}},"type":"if","locations":[{"start":{"line":430,"column":4},"end":{"line":434,"column":null}},{"start":{},"end":{}}],"line":430},"26":{"loc":{"start":{"line":430,"column":8},"end":{"line":430,"column":39}},"type":"binary-expr","locations":[{"start":{"line":430,"column":8},"end":{"line":430,"column":30}},{"start":{"line":430,"column":30},"end":{"line":430,"column":39}}],"line":430},"27":{"loc":{"start":{"line":440,"column":6},"end":{"line":441,"column":null}},"type":"if","locations":[{"start":{"line":440,"column":6},"end":{"line":441,"column":null}},{"start":{},"end":{}}],"line":440},"28":{"loc":{"start":{"line":446,"column":44},"end":{"line":446,"column":68}},"type":"default-arg","locations":[{"start":{"line":446,"column":56},"end":{"line":446,"column":68}}],"line":446},"29":{"loc":{"start":{"line":462,"column":6},"end":{"line":463,"column":null}},"type":"if","locations":[{"start":{"line":462,"column":6},"end":{"line":463,"column":null}},{"start":{},"end":{}}],"line":462},"30":{"loc":{"start":{"line":470,"column":14},"end":{"line":470,"column":38}},"type":"binary-expr","locations":[{"start":{"line":470,"column":14},"end":{"line":470,"column":36}},{"start":{"line":470,"column":36},"end":{"line":470,"column":38}}],"line":470},"31":{"loc":{"start":{"line":473,"column":4},"end":{"line":478,"column":null}},"type":"if","locations":[{"start":{"line":473,"column":4},"end":{"line":478,"column":null}},{"start":{},"end":{}}],"line":473},"32":{"loc":{"start":{"line":474,"column":28},"end":{"line":474,"column":52}},"type":"binary-expr","locations":[{"start":{"line":474,"column":28},"end":{"line":474,"column":50}},{"start":{"line":474,"column":50},"end":{"line":474,"column":52}}],"line":474},"33":{"loc":{"start":{"line":490,"column":6},"end":{"line":491,"column":null}},"type":"if","locations":[{"start":{"line":490,"column":6},"end":{"line":491,"column":null}},{"start":{},"end":{}}],"line":490},"34":{"loc":{"start":{"line":498,"column":26},"end":{"line":498,"column":50}},"type":"binary-expr","locations":[{"start":{"line":498,"column":26},"end":{"line":498,"column":48}},{"start":{"line":498,"column":48},"end":{"line":498,"column":50}}],"line":498},"35":{"loc":{"start":{"line":519,"column":6},"end":{"line":523,"column":null}},"type":"if","locations":[{"start":{"line":519,"column":6},"end":{"line":523,"column":null}},{"start":{},"end":{}}],"line":519},"36":{"loc":{"start":{"line":520,"column":8},"end":{"line":521,"column":64}},"type":"binary-expr","locations":[{"start":{"line":520,"column":8},"end":{"line":520,"column":null}},{"start":{"line":521,"column":8},"end":{"line":521,"column":64}}],"line":520}},"s":{"0":34,"1":34,"2":34,"3":34,"4":34,"5":34,"6":34,"7":34,"8":34,"9":2,"10":1,"11":426,"12":426,"13":168,"14":426,"15":254,"16":9,"17":0,"18":1,"19":1,"20":179,"21":179,"22":179,"23":0,"24":179,"25":214,"26":214,"27":214,"28":88,"29":88,"30":88,"31":214,"32":88,"33":88,"34":88,"35":88,"36":91,"37":91,"38":184,"39":184,"40":184,"41":184,"42":23,"43":29,"44":23,"45":23,"46":2,"47":161,"48":3,"49":158,"50":158,"51":0,"52":0,"53":0,"54":0,"55":26,"56":5,"57":3,"58":3,"59":0,"60":0,"61":5,"62":21,"63":21,"64":86,"65":86,"66":86,"67":0,"68":86,"69":86,"70":86,"71":88,"72":88,"73":0,"74":2,"75":0,"76":1,"77":1,"78":1,"79":1,"80":1,"81":1,"82":25,"83":25,"84":23,"85":60,"86":0,"87":60,"88":35,"89":35,"90":25,"91":23,"92":23,"93":25,"94":30,"95":7,"96":1,"97":19,"98":2,"99":3,"100":3,"101":2,"102":1,"103":1,"104":1,"105":1,"106":1,"107":1,"108":155,"109":155,"110":155,"111":155,"112":155,"113":154,"114":8,"115":8,"116":1,"117":1,"118":2,"119":2,"120":2,"121":2,"122":2,"123":2,"124":2,"125":2,"126":1,"127":1,"128":1,"129":1,"130":13,"131":13,"132":13,"133":1,"134":12,"135":12,"136":12,"137":13,"138":12,"139":1,"140":13,"141":12,"142":12,"143":12,"144":13,"145":12,"146":12,"147":12,"148":12,"149":1,"150":6,"151":1,"152":3,"153":3,"154":3,"155":3,"156":2,"157":2,"158":2,"159":2,"160":2,"161":1,"162":1,"163":2,"164":2,"165":2,"166":2,"167":2,"168":2,"169":2,"170":2,"171":2,"172":2,"173":2,"174":1,"175":1,"176":2,"177":2,"178":4,"179":2,"180":2,"181":2,"182":170,"183":3,"184":3,"185":3,"186":13,"187":1,"188":1,"189":3},"f":{"0":34,"1":2,"2":1,"3":426,"4":254,"5":9,"6":0,"7":1,"8":1,"9":179,"10":214,"11":214,"12":88,"13":88,"14":91,"15":29,"16":3,"17":0,"18":88,"19":2,"20":1,"21":1,"22":25,"23":23,"24":60,"25":0,"26":23,"27":30,"28":7,"29":1,"30":19,"31":2,"32":3,"33":1,"34":1,"35":1,"36":155,"37":155,"38":154,"39":8,"40":8,"41":1,"42":1,"43":2,"44":2,"45":1,"46":13,"47":13,"48":13,"49":12,"50":1,"51":3,"52":2,"53":2,"54":2,"55":2,"56":2,"57":2,"58":2,"59":4,"60":2,"61":170,"62":3,"63":13,"64":1},"b":{"0":[168,258],"1":[88,126],"2":[88,0],"3":[91],"4":[23,161],"5":[2,21],"6":[3,158],"7":[5,21],"8":[86,0],"9":[0,86],"10":[88,0],"11":[0,88],"12":[0,2],"13":[1,1],"14":[1,0],"15":[0,60],"16":[35,25],"17":[60,60],"18":[2,1],"19":[2,0],"20":[1,0],"21":[13],"22":[13],"23":[1,12],"24":[12,1],"25":[12,0],"26":[12,0],"27":[1,5],"28":[3],"29":[1,1],"30":[2,0],"31":[2,0],"32":[2,0],"33":[1,1],"34":[2,0],"35":[1,12],"36":[13,1]},"meta":{"lastBranch":37,"lastFunction":65,"lastStatement":190,"seen":{"f:45:2:45:14":0,"s:47:4:47:Infinity":0,"s:48:4:48:Infinity":1,"s:49:4:49:Infinity":2,"s:50:4:50:Infinity":3,"s:51:4:51:Infinity":4,"s:52:4:52:Infinity":5,"s:53:4:53:Infinity":6,"s:54:4:54:Infinity":7,"s:55:4:58:Infinity":8,"f:61:2:61:9":1,"s:62:4:62:Infinity":9,"f:65:2:65:10":2,"s:66:4:66:Infinity":10,"f:71:2:71:11":3,"s:72:12:72:41":11,"b:74:4:80:Infinity:undefined:undefined:undefined:undefined":0,"s:74:4:80:Infinity":12,"s:75:6:80:Infinity":13,"s:82:4:82:Infinity":14,"f:85:2:85:10":4,"s:86:4:86:Infinity":15,"f:89:2:89:10":5,"s:90:4:90:Infinity":16,"f:93:2:93:6":6,"s:94:4:94:Infinity":17,"f:97:2:97:13":7,"s:98:4:98:Infinity":18,"f:101:2:101:14":8,"s:102:4:105:Infinity":19,"f:108:2:108:14":9,"s:109:4:109:Infinity":20,"s:110:4:113:Infinity":21,"s:111:6:111:Infinity":22,"s:113:6:113:Infinity":23,"s:115:4:115:Infinity":24,"f:118:2:118:21":10,"s:119:4:119:Infinity":25,"f:122:2:122:19":11,"s:123:4:123:Infinity":26,"b:125:4:129:Infinity:undefined:undefined:undefined:undefined":1,"s:125:4:129:Infinity":27,"s:126:20:126:Infinity":28,"s:127:6:127:Infinity":29,"s:129:6:129:Infinity":30,"s:132:4:132:Infinity":31,"f:135:2:135:19":12,"s:142:4:142:Infinity":32,"s:147:4:151:Infinity":33,"f:147:27:147:38":13,"b:148:6:149:Infinity:undefined:undefined:undefined:undefined":2,"s:148:6:149:Infinity":34,"s:149:8:149:Infinity":35,"f:154:2:154:18":14,"b:154:24:154:27":3,"s:155:4:155:Infinity":36,"s:157:4:215:Infinity":37,"s:158:19:158:Infinity":38,"s:162:6:192:Infinity":39,"s:163:8:163:Infinity":40,"b:165:8:185:Infinity:177:19:185:Infinity":4,"s:165:8:185:Infinity":41,"s:166:23:168:Infinity":42,"f:166:42:166:46":15,"s:167:12:167:Infinity":43,"s:170:10:170:Infinity":44,"b:172:10:175:Infinity:undefined:undefined:undefined:undefined":5,"s:172:10:175:Infinity":45,"s:173:12:175:Infinity":46,"b:177:19:185:Infinity:183:15:185:Infinity":6,"s:177:19:185:Infinity":47,"s:178:10:182:Infinity":48,"s:184:10:184:Infinity":49,"s:185:10:185:Infinity":50,"s:188:8:188:Infinity":51,"s:190:8:190:Infinity":52,"s:191:8:191:Infinity":53,"s:192:8:192:Infinity":54,"b:195:6:212:Infinity:211:13:212:Infinity":7,"s:195:6:212:Infinity":55,"s:198:8:208:Infinity":56,"f:198:15:198:Infinity":16,"s:200:12:200:Infinity":57,"s:201:12:201:Infinity":58,"f:203:10:203:17":17,"s:205:12:205:Infinity":59,"s:206:12:206:Infinity":60,"s:210:8:210:Infinity":61,"s:212:8:212:Infinity":62,"s:215:6:215:Infinity":63,"b:220:4:230:Infinity:undefined:undefined:undefined:undefined":8,"s:220:4:230:Infinity":64,"s:221:6:221:Infinity":65,"b:224:6:225:Infinity:undefined:undefined:undefined:undefined":9,"s:224:6:225:Infinity":66,"s:225:8:225:Infinity":67,"s:227:6:227:Infinity":68,"s:229:6:229:Infinity":69,"s:230:6:230:Infinity":70,"f:234:2:234:18":18,"b:235:4:237:Infinity:undefined:undefined:undefined:undefined":10,"s:235:4:237:Infinity":71,"b:236:6:237:Infinity:undefined:undefined:undefined:undefined":11,"s:236:6:237:Infinity":72,"s:237:8:237:Infinity":73,"f:242:2:242:19":19,"b:243:4:244:Infinity:undefined:undefined:undefined:undefined":12,"s:243:4:244:Infinity":74,"s:244:6:244:Infinity":75,"f:248:2:248:22":20,"s:249:4:249:Infinity":76,"s:250:4:250:Infinity":77,"f:253:2:253:20":21,"s:254:4:254:Infinity":78,"s:256:26:256:Infinity":79,"b:256:26:256:42:256:42:256:Infinity":13,"b:257:4:258:Infinity:undefined:undefined:undefined:undefined":14,"s:257:4:258:Infinity":80,"s:258:6:258:Infinity":81,"f:262:2:262:19":22,"s:263:4:263:Infinity":82,"s:264:4:264:Infinity":83,"f:264:4:264:17":23,"s:264:17:264:44":84,"f:267:2:267:11":24,"b:268:4:271:Infinity:undefined:undefined:undefined:undefined":15,"s:268:4:271:Infinity":85,"s:269:6:271:Infinity":86,"b:274:4:276:Infinity:undefined:undefined:undefined:undefined":16,"s:274:4:276:Infinity":87,"b:274:8:274:25:274:25:274:57":17,"s:275:6:275:Infinity":88,"s:276:6:276:Infinity":89,"f:276:6:276:19":25,"s:281:19:284:Infinity":90,"f:281:41:281:52":26,"s:282:6:282:Infinity":91,"s:283:6:283:Infinity":92,"s:285:4:285:Infinity":93,"f:288:2:288:11":27,"s:289:4:289:Infinity":94,"f:292:2:292:11":28,"s:293:4:293:Infinity":95,"f:296:2:296:10":29,"s:297:4:297:Infinity":96,"f:300:2:300:15":30,"s:301:4:301:Infinity":97,"f:304:2:304:14":31,"s:305:4:305:Infinity":98,"f:308:2:308:20":32,"s:309:10:309:49":99,"b:310:4:311:Infinity:undefined:undefined:undefined:undefined":18,"s:310:4:311:Infinity":100,"s:311:6:311:Infinity":101,"s:313:4:313:Infinity":102,"f:316:2:316:9":33,"s:317:4:319:Infinity":103,"f:317:9:317:24":34,"s:318:6:318:Infinity":104,"f:322:2:322:7":35,"s:323:17:323:36":105,"s:324:4:324:Infinity":106,"s:325:4:325:Infinity":107,"f:328:2:328:9":36,"s:329:4:334:Infinity":108,"f:329:16:329:34":37,"s:330:19:330:38":109,"s:331:6:331:Infinity":110,"s:332:6:332:Infinity":111,"s:333:6:333:Infinity":112,"f:337:2:337:6":38,"s:338:4:338:Infinity":113,"f:341:2:341:12":39,"s:342:4:344:Infinity":114,"f:342:9:342:27":40,"s:343:6:343:Infinity":115,"f:347:2:347:23":41,"s:349:4:351:Infinity":116,"f:349:9:349:27":42,"s:350:6:350:Infinity":117,"f:354:2:354:14":43,"s:355:10:355:49":118,"s:356:17:356:36":119,"b:358:4:369:Infinity:undefined:undefined:undefined:undefined":19,"s:358:4:369:Infinity":120,"s:359:6:359:Infinity":121,"s:360:25:363:Infinity":122,"s:365:6:365:Infinity":123,"s:367:6:369:Infinity":124,"f:367:11:367:29":44,"s:368:8:368:Infinity":125,"f:373:2:373:Infinity":45,"s:378:10:378:49":126,"s:379:19:379:39":127,"b:380:4:381:Infinity:undefined:undefined:undefined:undefined":20,"s:380:4:381:Infinity":128,"s:381:6:381:Infinity":129,"f:385:2:385:Infinity":46,"b:389:21:389:23":21,"b:392:16:392:Infinity":22,"s:400:10:400:49":130,"s:401:17:401:36":131,"b:403:4:405:Infinity:undefined:undefined:undefined:undefined":23,"s:403:4:405:Infinity":132,"s:405:6:405:Infinity":133,"s:408:4:408:Infinity":134,"s:409:4:409:Infinity":135,"s:411:4:420:Infinity":136,"f:411:32:411:36":47,"b:413:6:416:Infinity:415:13:416:Infinity":24,"s:413:6:416:Infinity":137,"s:414:8:414:Infinity":138,"s:416:8:416:Infinity":139,"s:419:6:419:Infinity":140,"s:422:4:422:Infinity":141,"s:425:4:425:Infinity":142,"s:426:4:428:Infinity":143,"f:426:17:426:25":48,"s:427:6:427:Infinity":144,"b:430:4:434:Infinity:undefined:undefined:undefined:undefined":25,"s:430:4:434:Infinity":145,"b:430:8:430:30:430:30:430:39":26,"s:431:6:434:Infinity":146,"f:431:11:431:29":49,"s:432:8:432:Infinity":147,"s:433:8:433:Infinity":148,"f:438:2:438:13":50,"s:439:4:441:Infinity":149,"b:440:6:441:Infinity:undefined:undefined:undefined:undefined":27,"s:440:6:441:Infinity":150,"s:441:8:441:Infinity":151,"f:446:2:446:11":51,"b:446:56:446:68":28,"s:447:17:447:59":152,"s:448:4:448:Infinity":153,"s:449:4:449:Infinity":154,"s:450:4:450:Infinity":155,"f:453:2:453:13":52,"s:454:4:454:Infinity":156,"s:455:4:455:Infinity":157,"f:458:2:458:18":53,"s:459:10:459:49":158,"s:461:4:466:Infinity":159,"f:461:16:461:20":54,"b:462:6:463:Infinity:undefined:undefined:undefined:undefined":29,"s:462:6:463:Infinity":160,"s:463:8:463:Infinity":161,"s:465:6:465:Infinity":162,"s:468:17:468:35":163,"s:469:20:470:Infinity":164,"f:469:25:469:Infinity":55,"s:470:6:470:Infinity":165,"b:470:14:470:36:470:36:470:38":30,"b:473:4:478:Infinity:undefined:undefined:undefined:undefined":31,"s:473:4:478:Infinity":166,"s:474:6:474:Infinity":167,"b:474:28:474:50:474:50:474:52":32,"s:475:6:477:Infinity":168,"f:475:14:475:22":56,"s:476:8:476:Infinity":169,"s:478:6:478:Infinity":170,"f:482:2:482:Infinity":57,"s:487:10:487:49":171,"s:489:4:494:Infinity":172,"f:489:16:489:20":58,"b:490:6:491:Infinity:undefined:undefined:undefined:undefined":33,"s:490:6:491:Infinity":173,"s:491:8:491:Infinity":174,"s:493:6:493:Infinity":175,"s:496:17:496:35":176,"s:498:4:500:Infinity":177,"b:498:26:498:48:498:48:498:50":34,"f:498:52:498:Infinity":59,"s:499:13:499:Infinity":178,"s:502:4:504:Infinity":179,"f:502:9:502:17":60,"s:503:6:503:Infinity":180,"s:505:4:505:Infinity":181,"f:508:2:508:13":61,"s:509:4:509:Infinity":182,"f:512:2:512:25":62,"s:513:19:513:70":183,"s:515:4:515:Infinity":184,"s:518:4:525:Infinity":185,"f:518:15:518:23":63,"b:519:6:523:Infinity:undefined:undefined:undefined:undefined":35,"s:519:6:523:Infinity":186,"b:520:8:520:Infinity:521:8:521:64":36,"f:521:36:521:41":64,"s:521:48:521:63":187,"s:523:8:523:Infinity":188,"s:526:4:526:Infinity":189},"fnNames":{}}}
,"C:\\Users\\Usuario\\UNSA2026\\PruebasS\\actual_testing\\packages\\loot-core\\src\\server\\spreadsheet\\util.ts": {"path":"C:\\Users\\Usuario\\UNSA2026\\PruebasS\\actual_testing\\packages\\loot-core\\src\\server\\spreadsheet\\util.ts","statementMap":{"0":{"start":{"line":3,"column":14},"end":{"line":3,"column":31}},"1":{"start":{"line":4,"column":2},"end":{"line":8,"column":null}},"2":{"start":{"line":5,"column":4},"end":{"line":8,"column":null}},"3":{"start":{"line":10,"column":2},"end":{"line":10,"column":null}},"4":{"start":{"line":14,"column":2},"end":{"line":14,"column":null}}},"fnMap":{"0":{"name":"unresolveName","decl":{"start":{"line":2,"column":16},"end":{"line":2,"column":30}},"loc":{"start":{"line":2,"column":36},"end":{"line":10,"column":null}},"line":2},"1":{"name":"resolveName","decl":{"start":{"line":13,"column":16},"end":{"line":13,"column":28}},"loc":{"start":{"line":13,"column":65},"end":{"line":14,"column":null}},"line":13}},"branchMap":{"0":{"loc":{"start":{"line":4,"column":2},"end":{"line":8,"column":null}},"type":"if","locations":[{"start":{"line":4,"column":2},"end":{"line":8,"column":null}},{"start":{},"end":{}}],"line":4}},"s":{"0":445,"1":445,"2":425,"3":20,"4":65},"f":{"0":445,"1":65},"b":{"0":[425,20]},"meta":{"lastBranch":1,"lastFunction":2,"lastStatement":5,"seen":{"f:2:16:2:30":0,"s:3:14:3:31":0,"b:4:2:8:Infinity:undefined:undefined:undefined:undefined":0,"s:4:2:8:Infinity":1,"s:5:4:8:Infinity":2,"s:10:2:10:Infinity":3,"f:13:16:13:28":1,"s:14:2:14:Infinity":4},"fnNames":{}}}
}
